#
# There is insufficient memory for the Java Runtime Environment to continue.
# Native memory allocation (malloc) failed to allocate 1265392 bytes for Chunk::new
# Possible reasons:
#   The system is out of physical RAM or swap space
#   The process is running with CompressedOops enabled, and the Java Heap may be blocking the growth of the native heap
# Possible solutions:
#   Reduce memory load on the system
#   Increase physical memory or swap space
#   Check if swap backing store is full
#   Decrease Java heap size (-Xmx/-Xms)
#   Decrease number of Java threads
#   Decrease Java thread stack sizes (-Xss)
#   Set larger code cache with -XX:ReservedCodeCacheSize=
#   JVM is running with Unscaled Compressed Oops mode in which the Java heap is
#     placed in the first 4GB address space. The Java Heap base address is the
#     maximum limit for the native heap growth. Please use -XX:HeapBaseMinAddress
#     to set the Java Heap base and to place the Java Heap above 4GB virtual address.
# This output file may be truncated or incomplete.
#
#  Out of Memory Error (allocation.cpp:389), pid=23548, tid=0x000000000000a200
#
# JRE version: OpenJDK Runtime Environment (8.0_242-b01) (build 1.8.0_242-release-1644-b01)
# Java VM: OpenJDK 64-Bit Server VM (25.242-b01 mixed mode windows-amd64 compressed oops)
# Failed to write core dump. Minidumps are not enabled by default on client versions of Windows
#

---------------  T H R E A D  ---------------

Current thread (0x000000001985d000):  JavaThread "C2 CompilerThread1" daemon [_thread_in_native, id=41472, stack(0x0000000019f10000,0x000000001a010000)]

Stack: [0x0000000019f10000,0x000000001a010000]
[error occurred during error reporting (printing stack bounds), id 0xc0000005]

Native frames: (J=compiled Java code, j=interpreted, Vv=VM code, C=native code)


Current CompileTask:
C2:   8855 7116       4       groovy.lang.MetaClassImpl::inheritInterfaceNewMetaMethods (199 bytes)


---------------  P R O C E S S  ---------------

Java Threads: ( => current thread )
  0x00000000216f7800 JavaThread "Cache worker for execution history cache (E:\VendingAppPlugin\.gradle\6.5\executionHistory)" [_thread_blocked, id=83472, stack(0x000000002f3d0000,0x000000002f4d0000)]
  0x00000000216ea000 JavaThread "Memory manager" [_thread_blocked, id=85552, stack(0x000000002e760000,0x000000002e860000)]
  0x00000000216ed000 JavaThread "jar transforms Thread 122" [_thread_blocked, id=83380, stack(0x000000002c0d0000,0x000000002c1d0000)]
  0x00000000216ed800 JavaThread "jar transforms Thread 121" [_thread_blocked, id=85652, stack(0x000000002bfd0000,0x000000002c0d0000)]
  0x00000000216ee800 JavaThread "jar transforms Thread 120" [_thread_blocked, id=86488, stack(0x000000002bed0000,0x000000002bfd0000)]
  0x00000000216ec000 JavaThread "jar transforms Thread 119" [_thread_blocked, id=85152, stack(0x000000002bdd0000,0x000000002bed0000)]
  0x00000000216eb800 JavaThread "jar transforms Thread 118" [_thread_blocked, id=86584, stack(0x000000002bcd0000,0x000000002bdd0000)]
  0x00000000216ea800 JavaThread "jar transforms Thread 117" [_thread_blocked, id=80452, stack(0x000000002bbd0000,0x000000002bcd0000)]
  0x000000001c37d000 JavaThread "jar transforms Thread 116" [_thread_blocked, id=84712, stack(0x000000002bad0000,0x000000002bbd0000)]
  0x000000001c37b800 JavaThread "jar transforms Thread 115" [_thread_blocked, id=62612, stack(0x000000002b9d0000,0x000000002bad0000)]
  0x000000001c37a800 JavaThread "jar transforms Thread 114" [_thread_blocked, id=83368, stack(0x000000002b8d0000,0x000000002b9d0000)]
  0x000000001c37c000 JavaThread "jar transforms Thread 113" [_thread_blocked, id=42928, stack(0x000000002b7d0000,0x000000002b8d0000)]
  0x000000001c37a000 JavaThread "jar transforms Thread 112" [_thread_blocked, id=86988, stack(0x000000002b6d0000,0x000000002b7d0000)]
  0x000000001c37d800 JavaThread "jar transforms Thread 111" [_thread_blocked, id=39428, stack(0x000000002b5d0000,0x000000002b6d0000)]
  0x000000001c379000 JavaThread "jar transforms Thread 110" [_thread_blocked, id=86004, stack(0x000000002b4d0000,0x000000002b5d0000)]
  0x000000001c371800 JavaThread "jar transforms Thread 109" [_thread_blocked, id=86136, stack(0x000000002b3d0000,0x000000002b4d0000)]
  0x000000001c378800 JavaThread "jar transforms Thread 108" [_thread_blocked, id=86688, stack(0x000000002b2d0000,0x000000002b3d0000)]
  0x000000001c373000 JavaThread "jar transforms Thread 107" [_thread_blocked, id=71792, stack(0x000000002b1d0000,0x000000002b2d0000)]
  0x000000001c377000 JavaThread "jar transforms Thread 106" [_thread_blocked, id=84100, stack(0x000000002b0d0000,0x000000002b1d0000)]
  0x000000001c377800 JavaThread "jar transforms Thread 105" [_thread_blocked, id=41552, stack(0x000000002afd0000,0x000000002b0d0000)]
  0x000000001c372800 JavaThread "jar transforms Thread 104" [_thread_blocked, id=81900, stack(0x000000002aed0000,0x000000002afd0000)]
  0x000000001c376000 JavaThread "jar transforms Thread 103" [_thread_blocked, id=85216, stack(0x000000002add0000,0x000000002aed0000)]
  0x000000001c36e800 JavaThread "jar transforms Thread 102" [_thread_blocked, id=86272, stack(0x000000002acd0000,0x000000002add0000)]
  0x000000001c375800 JavaThread "jar transforms Thread 101" [_thread_blocked, id=85812, stack(0x000000002abd0000,0x000000002acd0000)]
  0x000000001c371000 JavaThread "jar transforms Thread 100" [_thread_blocked, id=86800, stack(0x000000002aad0000,0x000000002abd0000)]
  0x000000001c374800 JavaThread "jar transforms Thread 99" [_thread_blocked, id=85184, stack(0x000000002a9d0000,0x000000002aad0000)]
  0x000000001c370000 JavaThread "jar transforms Thread 98" [_thread_blocked, id=79836, stack(0x000000002a8d0000,0x000000002a9d0000)]
  0x000000001c36f800 JavaThread "jar transforms Thread 97" [_thread_blocked, id=86432, stack(0x000000002a7d0000,0x000000002a8d0000)]
  0x000000001c374000 JavaThread "jar transforms Thread 96" [_thread_blocked, id=74120, stack(0x000000002a6d0000,0x000000002a7d0000)]
  0x0000000021718800 JavaThread "jar transforms Thread 95" [_thread_blocked, id=81492, stack(0x000000002a5d0000,0x000000002a6d0000)]
  0x0000000021719000 JavaThread "jar transforms Thread 94" [_thread_blocked, id=87028, stack(0x000000002a4d0000,0x000000002a5d0000)]
  0x0000000021717800 JavaThread "jar transforms Thread 93" [_thread_blocked, id=86840, stack(0x000000002a2d0000,0x000000002a3d0000)]
  0x0000000021710000 JavaThread "jar transforms Thread 92" [_thread_blocked, id=73092, stack(0x000000002a1d0000,0x000000002a2d0000)]
  0x0000000021717000 JavaThread "jar transforms Thread 91" [_thread_blocked, id=77256, stack(0x000000002a0d0000,0x000000002a1d0000)]
  0x000000002170f000 JavaThread "jar transforms Thread 90" [_thread_blocked, id=85928, stack(0x0000000029fd0000,0x000000002a0d0000)]
  0x0000000021712800 JavaThread "jar transforms Thread 89" [_thread_blocked, id=85852, stack(0x0000000029ed0000,0x0000000029fd0000)]
  0x0000000021716000 JavaThread "jar transforms Thread 88" [_thread_blocked, id=85704, stack(0x0000000029dd0000,0x0000000029ed0000)]
  0x0000000021711800 JavaThread "jar transforms Thread 87" [_thread_blocked, id=78124, stack(0x0000000029cd0000,0x0000000029dd0000)]
  0x0000000021715800 JavaThread "jar transforms Thread 86" [_thread_blocked, id=85564, stack(0x0000000029bd0000,0x0000000029cd0000)]
  0x000000002170d800 JavaThread "jar transforms Thread 85" [_thread_blocked, id=86548, stack(0x0000000029ad0000,0x0000000029bd0000)]
  0x0000000021714800 JavaThread "jar transforms Thread 84" [_thread_blocked, id=85936, stack(0x00000000299d0000,0x0000000029ad0000)]
  0x000000002170d000 JavaThread "jar transforms Thread 83" [_thread_blocked, id=85932, stack(0x00000000298d0000,0x00000000299d0000)]
  0x0000000021713000 JavaThread "jar transforms Thread 82" [_thread_blocked, id=85824, stack(0x00000000297d0000,0x00000000298d0000)]
  0x0000000021710800 JavaThread "jar transforms Thread 81" [_thread_blocked, id=85368, stack(0x00000000296d0000,0x00000000297d0000)]
  0x0000000021714000 JavaThread "jar transforms Thread 80" [_thread_blocked, id=84324, stack(0x00000000295d0000,0x00000000296d0000)]
  0x000000002170b800 JavaThread "jar transforms Thread 79" [_thread_blocked, id=78180, stack(0x00000000294d0000,0x00000000295d0000)]
  0x000000002170e800 JavaThread "jar transforms Thread 78" [_thread_blocked, id=76940, stack(0x00000000293d0000,0x00000000294d0000)]
  0x000000002170a800 JavaThread "jar transforms Thread 77" [_thread_blocked, id=85584, stack(0x00000000292d0000,0x00000000293d0000)]
  0x000000002170c000 JavaThread "jar transforms Thread 76" [_thread_blocked, id=69972, stack(0x00000000291d0000,0x00000000292d0000)]
  0x000000002170a000 JavaThread "jar transforms Thread 75" [_thread_blocked, id=42204, stack(0x00000000290d0000,0x00000000291d0000)]
  0x000000002406b000 JavaThread "jar transforms Thread 74" [_thread_blocked, id=86948, stack(0x0000000028fd0000,0x00000000290d0000)]
  0x000000002406a800 JavaThread "jar transforms Thread 73" [_thread_blocked, id=86496, stack(0x0000000028ed0000,0x0000000028fd0000)]
  0x000000002406c000 JavaThread "jar transforms Thread 72" [_thread_blocked, id=85456, stack(0x0000000028dd0000,0x0000000028ed0000)]
  0x0000000024069800 JavaThread "jar transforms Thread 71" [_thread_blocked, id=42408, stack(0x0000000028cd0000,0x0000000028dd0000)]
  0x0000000024068000 JavaThread "jar transforms Thread 70" [_thread_blocked, id=39368, stack(0x0000000028bd0000,0x0000000028cd0000)]
  0x0000000024069000 JavaThread "jar transforms Thread 69" [_thread_blocked, id=39044, stack(0x0000000028ad0000,0x0000000028bd0000)]
  0x0000000024060800 JavaThread "jar transforms Thread 68" [_thread_blocked, id=86936, stack(0x00000000289d0000,0x0000000028ad0000)]
  0x0000000024067800 JavaThread "jar transforms Thread 67" [_thread_blocked, id=86720, stack(0x00000000288d0000,0x00000000289d0000)]
  0x0000000024060000 JavaThread "jar transforms Thread 66" [_thread_blocked, id=85860, stack(0x00000000287d0000,0x00000000288d0000)]
  0x0000000024064800 JavaThread "jar transforms Thread 65" [_thread_blocked, id=84432, stack(0x00000000286d0000,0x00000000287d0000)]
  0x0000000024066800 JavaThread "jar transforms Thread 64" [_thread_blocked, id=85760, stack(0x00000000285d0000,0x00000000286d0000)]
  0x0000000024062000 JavaThread "jar transforms Thread 63" [_thread_blocked, id=83292, stack(0x00000000284d0000,0x00000000285d0000)]
  0x0000000024065000 JavaThread "jar transforms Thread 62" [_thread_blocked, id=83300, stack(0x00000000283d0000,0x00000000284d0000)]
  0x0000000024066000 JavaThread "jar transforms Thread 61" [_thread_blocked, id=86012, stack(0x00000000282d0000,0x00000000283d0000)]
  0x000000002405d800 JavaThread "jar transforms Thread 60" [_thread_blocked, id=86516, stack(0x00000000281d0000,0x00000000282d0000)]
  0x0000000024061800 JavaThread "jar transforms Thread 59" [_thread_blocked, id=80336, stack(0x00000000280d0000,0x00000000281d0000)]
  0x000000002405f000 JavaThread "jar transforms Thread 58" [_thread_blocked, id=86756, stack(0x0000000027fd0000,0x00000000280d0000)]
  0x0000000024063000 JavaThread "jar transforms Thread 57" [_thread_blocked, id=84824, stack(0x0000000027ed0000,0x0000000027fd0000)]
  0x000000002405e800 JavaThread "jar transforms Thread 56" [_thread_blocked, id=81612, stack(0x0000000027dd0000,0x0000000027ed0000)]
  0x0000000024063800 JavaThread "jar transforms Thread 55" [_thread_blocked, id=85712, stack(0x0000000027cd0000,0x0000000027dd0000)]
  0x000000002405d000 JavaThread "jar transforms Thread 54" [_thread_blocked, id=85756, stack(0x0000000027bd0000,0x0000000027cd0000)]
  0x00000000212b5800 JavaThread "jar transforms Thread 53" [_thread_blocked, id=86772, stack(0x0000000027ad0000,0x0000000027bd0000)]
  0x00000000212b5000 JavaThread "jar transforms Thread 52" [_thread_blocked, id=84260, stack(0x00000000279d0000,0x0000000027ad0000)]
  0x00000000212b4000 JavaThread "jar transforms Thread 51" [_thread_blocked, id=39552, stack(0x00000000278d0000,0x00000000279d0000)]
  0x00000000212b2800 JavaThread "jar transforms Thread 50" [_thread_blocked, id=42124, stack(0x00000000277d0000,0x00000000278d0000)]
  0x00000000212b3800 JavaThread "jar transforms Thread 49" [_thread_blocked, id=31576, stack(0x00000000276d0000,0x00000000277d0000)]
  0x00000000212b2000 JavaThread "jar transforms Thread 48" [_thread_blocked, id=39612, stack(0x00000000275d0000,0x00000000276d0000)]
  0x00000000212aa800 JavaThread "jar transforms Thread 47" [_thread_blocked, id=39816, stack(0x00000000274d0000,0x00000000275d0000)]
  0x00000000212b1000 JavaThread "jar transforms Thread 46" [_thread_blocked, id=42632, stack(0x00000000273d0000,0x00000000274d0000)]
  0x00000000212b0800 JavaThread "jar transforms Thread 45" [_thread_blocked, id=41824, stack(0x00000000272d0000,0x00000000273d0000)]
  0x00000000212a9800 JavaThread "jar transforms Thread 44" [_thread_blocked, id=39996, stack(0x00000000271d0000,0x00000000272d0000)]
  0x00000000212a9000 JavaThread "jar transforms Thread 43" [_thread_blocked, id=1540, stack(0x00000000270d0000,0x00000000271d0000)]
  0x00000000212af800 JavaThread "jar transforms Thread 42" [_thread_blocked, id=42824, stack(0x0000000026fd0000,0x00000000270d0000)]
  0x00000000212ae000 JavaThread "jar transforms Thread 41" [_thread_blocked, id=41564, stack(0x0000000026ed0000,0x0000000026fd0000)]
  0x00000000212a8000 JavaThread "jar transforms Thread 40" [_thread_blocked, id=41224, stack(0x0000000026dd0000,0x0000000026ed0000)]
  0x00000000212af000 JavaThread "jar transforms Thread 39" [_thread_blocked, id=32788, stack(0x0000000026cd0000,0x0000000026dd0000)]
  0x00000000212ac800 JavaThread "jar transforms Thread 38" [_thread_blocked, id=42036, stack(0x0000000026bd0000,0x0000000026cd0000)]
  0x00000000212ac000 JavaThread "jar transforms Thread 37" [_thread_blocked, id=41896, stack(0x0000000026ad0000,0x0000000026bd0000)]
  0x00000000212a7800 JavaThread "jar transforms Thread 36" [_thread_blocked, id=25764, stack(0x00000000269d0000,0x0000000026ad0000)]
  0x00000000212a6800 JavaThread "jar transforms Thread 35" [_thread_blocked, id=83408, stack(0x00000000268d0000,0x00000000269d0000)]
  0x00000000212ad800 JavaThread "jar transforms Thread 34" [_thread_blocked, id=42216, stack(0x00000000267d0000,0x00000000268d0000)]
  0x00000000212ab000 JavaThread "jar transforms Thread 33" [_thread_blocked, id=40200, stack(0x00000000266d0000,0x00000000267d0000)]
  0x000000001fe21800 JavaThread "jar transforms Thread 32" [_thread_blocked, id=38680, stack(0x00000000265d0000,0x00000000266d0000)]
  0x000000001fe20000 JavaThread "jar transforms Thread 31" [_thread_blocked, id=86268, stack(0x00000000264d0000,0x00000000265d0000)]
  0x000000001fe22000 JavaThread "jar transforms Thread 30" [_thread_blocked, id=82516, stack(0x00000000263d0000,0x00000000264d0000)]
  0x000000001fe26800 JavaThread "jar transforms Thread 29" [_thread_blocked, id=38492, stack(0x00000000262d0000,0x00000000263d0000)]
  0x000000001fe25000 JavaThread "jar transforms Thread 28" [_thread_blocked, id=19792, stack(0x00000000261d0000,0x00000000262d0000)]
  0x000000001fe26000 JavaThread "jar transforms Thread 27" [_thread_blocked, id=3820, stack(0x00000000260d0000,0x00000000261d0000)]
  0x000000001fe23000 JavaThread "jar transforms Thread 26" [_thread_blocked, id=39972, stack(0x0000000025fd0000,0x00000000260d0000)]
  0x000000001fe1f000 JavaThread "Build operations Thread 6" [_thread_blocked, id=42884, stack(0x0000000025ed0000,0x0000000025fd0000)]
  0x000000001fe23800 JavaThread "Build operations Thread 5" [_thread_blocked, id=38248, stack(0x0000000025dd0000,0x0000000025ed0000)]
  0x000000001fe24800 JavaThread "Build operations Thread 4" [_thread_blocked, id=41616, stack(0x0000000025cd0000,0x0000000025dd0000)]
  0x000000001fe20800 JavaThread "Build operations Thread 3" [_thread_blocked, id=36448, stack(0x0000000025bd0000,0x0000000025cd0000)]
  0x000000001fe17800 JavaThread "Build operations Thread 2" [_thread_blocked, id=42368, stack(0x0000000025ad0000,0x0000000025bd0000)]
  0x000000001fe1e800 JavaThread "Build operations" [_thread_blocked, id=41776, stack(0x0000000025360000,0x0000000025460000)]
  0x000000001fe1d800 JavaThread "Cache worker for Build Output Cleanup Cache (E:\VendingAppPlugin\.gradle\buildOutputCleanup)" [_thread_blocked, id=42420, stack(0x0000000023c80000,0x0000000023d80000)]
  0x000000001fe1a800 JavaThread "Cache worker for file content cache (D:\gradle\caches\6.5\fileContent)" [_thread_blocked, id=22580, stack(0x0000000023b80000,0x0000000023c80000)]
  0x000000001fe19000 JavaThread "Cache worker for execution history cache (D:\gradle\caches\6.5\executionHistory)" [_thread_blocked, id=36736, stack(0x0000000023680000,0x0000000023780000)]
  0x000000002013e800 JavaThread "Cache worker for cache directory md-rule (D:\gradle\caches\6.5\md-rule)" [_thread_blocked, id=40500, stack(0x0000000023580000,0x0000000023680000)]
  0x000000002013d800 JavaThread "Cache worker for cache directory md-supplier (D:\gradle\caches\6.5\md-supplier)" [_thread_blocked, id=40188, stack(0x0000000023480000,0x0000000023580000)]
  0x000000002013d000 JavaThread "Cache worker for checksums cache (E:\VendingAppPlugin\.gradle\checksums)" [_thread_blocked, id=38104, stack(0x0000000023380000,0x0000000023480000)]
  0x000000002013b800 JavaThread "jar transforms Thread 25" [_thread_blocked, id=42756, stack(0x0000000023280000,0x0000000023380000)]
  0x0000000020135000 JavaThread "jar transforms Thread 24" [_thread_blocked, id=42968, stack(0x0000000023180000,0x0000000023280000)]
  0x000000002013c000 JavaThread "jar transforms Thread 23" [_thread_blocked, id=22884, stack(0x0000000023080000,0x0000000023180000)]
  0x000000002013a800 JavaThread "jar transforms Thread 22" [_thread_blocked, id=41988, stack(0x0000000022f80000,0x0000000023080000)]
  0x000000002013a000 JavaThread "jar transforms Thread 21" [_thread_blocked, id=39988, stack(0x0000000022e80000,0x0000000022f80000)]
  0x0000000020133800 JavaThread "jar transforms Thread 20" [_thread_blocked, id=37916, stack(0x0000000022d80000,0x0000000022e80000)]
  0x0000000020138800 JavaThread "jar transforms Thread 19" [_thread_blocked, id=37484, stack(0x0000000022c80000,0x0000000022d80000)]
  0x0000000020139000 JavaThread "jar transforms Thread 18" [_thread_blocked, id=40464, stack(0x0000000022b80000,0x0000000022c80000)]
  0x0000000020137800 JavaThread "jar transforms Thread 17" [_thread_blocked, id=42024, stack(0x0000000022a80000,0x0000000022b80000)]
  0x0000000020134800 JavaThread "jar transforms Thread 16" [_thread_blocked, id=38152, stack(0x0000000022980000,0x0000000022a80000)]
  0x0000000020130000 JavaThread "jar transforms Thread 15" [_thread_blocked, id=41528, stack(0x0000000022880000,0x0000000022980000)]
  0x0000000020131800 JavaThread "jar transforms Thread 14" [_thread_blocked, id=40124, stack(0x0000000022780000,0x0000000022880000)]
  0x0000000020136800 JavaThread "jar transforms Thread 13" [_thread_blocked, id=40508, stack(0x0000000022680000,0x0000000022780000)]
  0x0000000020136000 JavaThread "jar transforms Thread 12" [_thread_blocked, id=41460, stack(0x0000000022580000,0x0000000022680000)]
  0x0000000020130800 JavaThread "jar transforms Thread 11" [_thread_blocked, id=41640, stack(0x0000000022480000,0x0000000022580000)]
  0x0000000020133000 JavaThread "jar transforms Thread 10" [_thread_blocked, id=41212, stack(0x0000000022380000,0x0000000022480000)]
  0x0000000020132000 JavaThread "jar transforms Thread 9" [_thread_blocked, id=42020, stack(0x0000000022280000,0x0000000022380000)]
  0x000000002012f000 JavaThread "jar transforms Thread 8" [_thread_blocked, id=86540, stack(0x0000000022180000,0x0000000022280000)]
  0x000000001bff5800 JavaThread "jar transforms Thread 7" [_thread_blocked, id=77652, stack(0x0000000022080000,0x0000000022180000)]
  0x000000001bff6000 JavaThread "jar transforms Thread 6" [_thread_blocked, id=42828, stack(0x0000000021f80000,0x0000000022080000)]
  0x000000001bff7000 JavaThread "jar transforms Thread 5" [_thread_blocked, id=39548, stack(0x0000000021e80000,0x0000000021f80000)]
  0x000000001bff4800 JavaThread "jar transforms Thread 4" [_thread_blocked, id=10652, stack(0x0000000021d80000,0x0000000021e80000)]
  0x000000001bff7800 JavaThread "jar transforms Thread 3" [_thread_blocked, id=42296, stack(0x0000000021c80000,0x0000000021d80000)]
  0x000000001bff4000 JavaThread "jar transforms Thread 2" [_thread_blocked, id=33804, stack(0x0000000021b80000,0x0000000021c80000)]
  0x000000001bffa800 JavaThread "jar transforms" [_thread_blocked, id=34484, stack(0x0000000021a80000,0x0000000021b80000)]
  0x000000001bff8800 JavaThread "Cache worker for file hash cache (E:\VendingAppPlugin\.gradle\6.5\fileHashes)" [_thread_blocked, id=23392, stack(0x0000000021980000,0x0000000021a80000)]
  0x000000001bffa000 JavaThread "Cache worker for file hash cache (D:\gradle\caches\6.5\fileHashes)" [_thread_blocked, id=41892, stack(0x000000001e060000,0x000000001e160000)]
  0x000000001bff9000 JavaThread "File lock request listener" [_thread_in_native, id=40820, stack(0x000000001df60000,0x000000001e060000)]
  0x000000001bf54800 JavaThread "Cache worker for journal cache (D:\gradle\caches\journal-1)" [_thread_blocked, id=41112, stack(0x000000001de60000,0x000000001df60000)]
  0x000000001bed8000 JavaThread "Thread-9" [_thread_blocked, id=31132, stack(0x000000001db60000,0x000000001dc60000)]
  0x000000001bec6000 JavaThread "Stdin handler" [_thread_blocked, id=42528, stack(0x000000001d960000,0x000000001da60000)]
  0x000000001bf10000 JavaThread "Asynchronous log dispatcher for DefaultDaemonConnection: socket connection from /127.0.0.1:53933 to /127.0.0.1:53934" [_thread_blocked, id=38920, stack(0x000000001d860000,0x000000001d960000)]
  0x000000001bf0c800 JavaThread "Daemon worker" [_thread_in_Java, id=39744, stack(0x000000001d760000,0x000000001d860000)]
  0x000000001bed5000 JavaThread "Cancel handler" [_thread_blocked, id=39088, stack(0x000000001d660000,0x000000001d760000)]
  0x000000001be44000 JavaThread "Handler for socket connection from /127.0.0.1:53933 to /127.0.0.1:53934" [_thread_in_native, id=37012, stack(0x000000001d560000,0x000000001d660000)]
  0x000000001be43000 JavaThread "Daemon" [_thread_blocked, id=42000, stack(0x000000001d460000,0x000000001d560000)]
  0x000000001be12800 JavaThread "Daemon periodic checks" [_thread_blocked, id=51796, stack(0x000000001d160000,0x000000001d260000)]
  0x000000001be07800 JavaThread "Incoming local TCP Connector on port 53933" [_thread_in_native, id=7296, stack(0x000000001cfb0000,0x000000001d0b0000)]
  0x000000001bde5800 JavaThread "Daemon health stats" [_thread_blocked, id=33024, stack(0x000000001ccb0000,0x000000001cdb0000)]
  0x00000000198e3000 JavaThread "Service Thread" daemon [_thread_blocked, id=38956, stack(0x000000001a110000,0x000000001a210000)]
  0x000000001985e000 JavaThread "C1 CompilerThread2" daemon [_thread_blocked, id=32176, stack(0x000000001a010000,0x000000001a110000)]
=>0x000000001985d000 JavaThread "C2 CompilerThread1" daemon [_thread_in_native, id=41472, stack(0x0000000019f10000,0x000000001a010000)]
  0x000000001985a800 JavaThread "C2 CompilerThread0" daemon [_thread_in_native, id=41760, stack(0x0000000019e10000,0x0000000019f10000)]
  0x0000000017eb1800 JavaThread "Attach Listener" daemon [_thread_blocked, id=38968, stack(0x0000000019d10000,0x0000000019e10000)]
  0x0000000017eb0800 JavaThread "Signal Dispatcher" daemon [_thread_blocked, id=40520, stack(0x0000000019c10000,0x0000000019d10000)]
  0x000000000300b800 JavaThread "Finalizer" daemon [_thread_blocked, id=41864, stack(0x0000000019710000,0x0000000019810000)]
  0x0000000003003800 JavaThread "Reference Handler" daemon [_thread_blocked, id=38612, stack(0x0000000019610000,0x0000000019710000)]
  0x000000000303e800 JavaThread "main" [_thread_blocked, id=38204, stack(0x0000000002ac0000,0x0000000002bc0000)]

Other Threads:
  0x0000000017e66000 VMThread [stack: 0x0000000019510000,0x0000000019610000] [id=40004]
  0x00000000198e4000 WatcherThread [stack: 0x000000001a210000,0x000000001a310000] [id=85200]

VM state:not at safepoint (normal execution)

VM Mutex/Monitor currently owned by a thread: None

heap address: 0x0000000080000000, size: 2048 MB, Compressed Oops mode: 32-bit
Narrow klass base: 0x0000000000000000, Narrow klass shift: 3
Compressed class space size: 1073741824 Address: 0x0000000100000000

Heap:
 PSYoungGen      total 251392K, used 73618K [0x00000000d5580000, 0x00000000e9780000, 0x0000000100000000)
  eden space 237056K, 25% used [0x00000000d5580000,0x00000000d8f6c2c8,0x00000000e3d00000)
  from space 14336K, 99% used [0x00000000e3d00000,0x00000000e4af85c0,0x00000000e4b00000)
  to   space 20992K, 0% used [0x00000000e8300000,0x00000000e8300000,0x00000000e9780000)
 ParOldGen       total 104448K, used 43195K [0x0000000080000000, 0x0000000086600000, 0x00000000d5580000)
  object space 104448K, 41% used [0x0000000080000000,0x0000000082a2ed38,0x0000000086600000)
 Metaspace       used 71528K, capacity 75240K, committed 75520K, reserved 1114112K
  class space    used 9665K, capacity 10398K, committed 10496K, reserved 1048576K

Card table byte_map: [0x0000000012400000,0x0000000012810000] byte_map_base: 0x0000000012000000

Marking Bits: (ParMarkBitMap*) 0x0000000070fdf030
 Begin Bits: [0x00000000130c0000, 0x00000000150c0000)
 End Bits:   [0x00000000150c0000, 0x00000000170c0000)

Polling page: 0x00000000009f0000

CodeCache: size=245760Kb used=22283Kb max_used=22373Kb free=223476Kb
 bounds [0x0000000003040000, 0x0000000004640000, 0x0000000012040000]
 total_blobs=7358 nmethods=6527 adapters=743
 compilation: enabled

Compilation events (10 events):
Event: 8.848 Thread 0x000000001985e000 nmethod 7377 0x0000000003a603d0 code [0x0000000003a60560, 0x0000000003a608a8]
Event: 8.848 Thread 0x000000001985e000 7376       1       org.gradle.internal.extensibility.DefaultConvention::getExtensionsAsDynamicObject (5 bytes)
Event: 8.848 Thread 0x000000001985e000 nmethod 7376 0x0000000003a60110 code [0x0000000003a60260, 0x0000000003a60370]
Event: 8.849 Thread 0x000000001985e000 7378       2       org.gradle.internal.ImmutableActionSet::access$300 (6 bytes)
Event: 8.849 Thread 0x000000001985e000 nmethod 7378 0x0000000003a5fb50 code [0x0000000003a5fce0, 0x0000000003a5ff48]
Event: 8.849 Thread 0x000000001985e000 7379       2       org.gradle.internal.ImmutableActionSet::plus (24 bytes)
Event: 8.849 Thread 0x000000001985e000 nmethod 7379 0x0000000003a5f4d0 code [0x0000000003a5f660, 0x0000000003a5f968]
Event: 8.850 Thread 0x000000001985e000 7380       2       java.lang.reflect.Constructor::isSynthetic (5 bytes)
Event: 8.850 Thread 0x000000001985e000 nmethod 7380 0x0000000003a5f190 code [0x0000000003a5f2e0, 0x0000000003a5f450]
Event: 8.851 Thread 0x000000001985e000 7381   !   2       org.gradle.internal.Cast::cast (45 bytes)

GC Heap History (10 events):
Event: 4.402 GC heap before
{Heap before GC invocations=10 (full 2):
 PSYoungGen      total 139776K, used 125952K [0x00000000d5580000, 0x00000000e5980000, 0x0000000100000000)
  eden space 125952K, 100% used [0x00000000d5580000,0x00000000dd080000,0x00000000dd080000)
  from space 13824K, 0% used [0x00000000dd080000,0x00000000dd080000,0x00000000dde00000)
  to   space 13312K, 0% used [0x00000000e4c80000,0x00000000e4c80000,0x00000000e5980000)
 ParOldGen       total 104448K, used 14767K [0x0000000080000000, 0x0000000086600000, 0x00000000d5580000)
  object space 104448K, 14% used [0x0000000080000000,0x0000000080e6bd60,0x0000000086600000)
 Metaspace       used 40829K, capacity 42584K, committed 42752K, reserved 1085440K
  class space    used 5506K, capacity 5858K, committed 5888K, reserved 1048576K
Event: 4.411 GC heap after
Heap after GC invocations=10 (full 2):
 PSYoungGen      total 223232K, used 12752K [0x00000000d5580000, 0x00000000e5900000, 0x0000000100000000)
  eden space 210432K, 0% used [0x00000000d5580000,0x00000000d5580000,0x00000000e2300000)
  from space 12800K, 99% used [0x00000000e4c80000,0x00000000e58f4120,0x00000000e5900000)
  to   space 14336K, 0% used [0x00000000e3d00000,0x00000000e3d00000,0x00000000e4b00000)
 ParOldGen       total 104448K, used 14775K [0x0000000080000000, 0x0000000086600000, 0x00000000d5580000)
  object space 104448K, 14% used [0x0000000080000000,0x0000000080e6dd60,0x0000000086600000)
 Metaspace       used 40829K, capacity 42584K, committed 42752K, reserved 1085440K
  class space    used 5506K, capacity 5858K, committed 5888K, reserved 1048576K
}
Event: 6.370 GC heap before
{Heap before GC invocations=11 (full 2):
 PSYoungGen      total 223232K, used 223184K [0x00000000d5580000, 0x00000000e5900000, 0x0000000100000000)
  eden space 210432K, 100% used [0x00000000d5580000,0x00000000e2300000,0x00000000e2300000)
  from space 12800K, 99% used [0x00000000e4c80000,0x00000000e58f4120,0x00000000e5900000)
  to   space 14336K, 0% used [0x00000000e3d00000,0x00000000e3d00000,0x00000000e4b00000)
 ParOldGen       total 104448K, used 14775K [0x0000000080000000, 0x0000000086600000, 0x00000000d5580000)
  object space 104448K, 14% used [0x0000000080000000,0x0000000080e6dd60,0x0000000086600000)
 Metaspace       used 53647K, capacity 56018K, committed 56320K, reserved 1097728K
  class space    used 7089K, capacity 7573K, committed 7680K, reserved 1048576K
Event: 6.385 GC heap after
Heap after GC invocations=11 (full 2):
 PSYoungGen      total 251392K, used 14308K [0x00000000d5580000, 0x00000000e9780000, 0x0000000100000000)
  eden space 237056K, 0% used [0x00000000d5580000,0x00000000d5580000,0x00000000e3d00000)
  from space 14336K, 99% used [0x00000000e3d00000,0x00000000e4af9310,0x00000000e4b00000)
  to   space 20992K, 0% used [0x00000000e8300000,0x00000000e8300000,0x00000000e9780000)
 ParOldGen       total 104448K, used 26761K [0x0000000080000000, 0x0000000086600000, 0x00000000d5580000)
  object space 104448K, 25% used [0x0000000080000000,0x0000000081a227b0,0x0000000086600000)
 Metaspace       used 53647K, capacity 56018K, committed 56320K, reserved 1097728K
  class space    used 7089K, capacity 7573K, committed 7680K, reserved 1048576K
}
Event: 6.778 GC heap before
{Heap before GC invocations=12 (full 2):
 PSYoungGen      total 251392K, used 71095K [0x00000000d5580000, 0x00000000e9780000, 0x0000000100000000)
  eden space 237056K, 23% used [0x00000000d5580000,0x00000000d8cf4cc0,0x00000000e3d00000)
  from space 14336K, 99% used [0x00000000e3d00000,0x00000000e4af9310,0x00000000e4b00000)
  to   space 20992K, 0% used [0x00000000e8300000,0x00000000e8300000,0x00000000e9780000)
 ParOldGen       total 104448K, used 26761K [0x0000000080000000, 0x0000000086600000, 0x00000000d5580000)
  object space 104448K, 25% used [0x0000000080000000,0x0000000081a227b0,0x0000000086600000)
 Metaspace       used 56381K, capacity 58986K, committed 59096K, reserved 1099776K
  class space    used 7442K, capacity 8000K, committed 8064K, reserved 1048576K
Event: 6.790 GC heap after
Heap after GC invocations=12 (full 2):
 PSYoungGen      total 258048K, used 13342K [0x00000000d5580000, 0x00000000e9780000, 0x0000000100000000)
  eden space 237056K, 0% used [0x00000000d5580000,0x00000000d5580000,0x00000000e3d00000)
  from space 20992K, 63% used [0x00000000e8300000,0x00000000e90079b0,0x00000000e9780000)
  to   space 14336K, 0% used [0x00000000e3d00000,0x00000000e3d00000,0x00000000e4b00000)
 ParOldGen       total 104448K, used 33291K [0x0000000080000000, 0x0000000086600000, 0x00000000d5580000)
  object space 104448K, 31% used [0x0000000080000000,0x0000000082082ef0,0x0000000086600000)
 Metaspace       used 56381K, capacity 58986K, committed 59096K, reserved 1099776K
  class space    used 7442K, capacity 8000K, committed 8064K, reserved 1048576K
}
Event: 6.790 GC heap before
{Heap before GC invocations=13 (full 3):
 PSYoungGen      total 258048K, used 13342K [0x00000000d5580000, 0x00000000e9780000, 0x0000000100000000)
  eden space 237056K, 0% used [0x00000000d5580000,0x00000000d5580000,0x00000000e3d00000)
  from space 20992K, 63% used [0x00000000e8300000,0x00000000e90079b0,0x00000000e9780000)
  to   space 14336K, 0% used [0x00000000e3d00000,0x00000000e3d00000,0x00000000e4b00000)
 ParOldGen       total 104448K, used 33291K [0x0000000080000000, 0x0000000086600000, 0x00000000d5580000)
  object space 104448K, 31% used [0x0000000080000000,0x0000000082082ef0,0x0000000086600000)
 Metaspace       used 56381K, capacity 58986K, committed 59096K, reserved 1099776K
  class space    used 7442K, capacity 8000K, committed 8064K, reserved 1048576K
Event: 6.931 GC heap after
Heap after GC invocations=13 (full 3):
 PSYoungGen      total 258048K, used 0K [0x00000000d5580000, 0x00000000e9780000, 0x0000000100000000)
  eden space 237056K, 0% used [0x00000000d5580000,0x00000000d5580000,0x00000000e3d00000)
  from space 20992K, 0% used [0x00000000e8300000,0x00000000e8300000,0x00000000e9780000)
  to   space 14336K, 0% used [0x00000000e3d00000,0x00000000e3d00000,0x00000000e4b00000)
 ParOldGen       total 104448K, used 35536K [0x0000000080000000, 0x0000000086600000, 0x00000000d5580000)
  object space 104448K, 34% used [0x0000000080000000,0x00000000822b43b0,0x0000000086600000)
 Metaspace       used 56296K, capacity 58756K, committed 59096K, reserved 1099776K
  class space    used 7418K, capacity 7966K, committed 8064K, reserved 1048576K
}
Event: 8.558 GC heap before
{Heap before GC invocations=14 (full 3):
 PSYoungGen      total 258048K, used 237056K [0x00000000d5580000, 0x00000000e9780000, 0x0000000100000000)
  eden space 237056K, 100% used [0x00000000d5580000,0x00000000e3d00000,0x00000000e3d00000)
  from space 20992K, 0% used [0x00000000e8300000,0x00000000e8300000,0x00000000e9780000)
  to   space 14336K, 0% used [0x00000000e3d00000,0x00000000e3d00000,0x00000000e4b00000)
 ParOldGen       total 104448K, used 35536K [0x0000000080000000, 0x0000000086600000, 0x00000000d5580000)
  object space 104448K, 34% used [0x0000000080000000,0x00000000822b43b0,0x0000000086600000)
 Metaspace       used 69349K, capacity 72688K, committed 72832K, reserved 1112064K
  class space    used 9290K, capacity 10002K, committed 10112K, reserved 1048576K
Event: 8.570 GC heap after
Heap after GC invocations=14 (full 3):
 PSYoungGen      total 251392K, used 14305K [0x00000000d5580000, 0x00000000e9780000, 0x0000000100000000)
  eden space 237056K, 0% used [0x00000000d5580000,0x00000000d5580000,0x00000000e3d00000)
  from space 14336K, 99% used [0x00000000e3d00000,0x00000000e4af85c0,0x00000000e4b00000)
  to   space 20992K, 0% used [0x00000000e8300000,0x00000000e8300000,0x00000000e9780000)
 ParOldGen       total 104448K, used 43195K [0x0000000080000000, 0x0000000086600000, 0x00000000d5580000)
  object space 104448K, 41% used [0x0000000080000000,0x0000000082a2ed38,0x0000000086600000)
 Metaspace       used 69349K, capacity 72688K, committed 72832K, reserved 1112064K
  class space    used 9290K, capacity 10002K, committed 10112K, reserved 1048576K
}

Deoptimization events (10 events):
Event: 8.324 Thread 0x000000001bf0c800 Uncommon trap: reason=bimorphic action=maybe_recompile pc=0x0000000003ccaba0 method=java.util.Arrays.binarySearch0([Ljava/lang/Object;IILjava/lang/Object;Ljava/util/Comparator;)I @ 48
Event: 8.324 Thread 0x000000001bf0c800 Uncommon trap: reason=bimorphic action=maybe_recompile pc=0x0000000003840818 method=java.util.Arrays.binarySearch0([Ljava/lang/Object;IILjava/lang/Object;Ljava/util/Comparator;)I @ 48
Event: 8.496 Thread 0x000000001bf0c800 Uncommon trap: reason=class_check action=maybe_recompile pc=0x00000000043b187c method=org.codehaus.groovy.runtime.InvokerHelper.getProperty(Ljava/lang/Object;Ljava/lang/String;)Ljava/lang/Object; @ 29
Event: 8.498 Thread 0x000000001bf0c800 Uncommon trap: reason=class_check action=maybe_recompile pc=0x00000000043b187c method=org.codehaus.groovy.runtime.InvokerHelper.getProperty(Ljava/lang/Object;Ljava/lang/String;)Ljava/lang/Object; @ 29
Event: 8.498 Thread 0x000000001bf0c800 Uncommon trap: reason=class_check action=maybe_recompile pc=0x00000000043b187c method=org.codehaus.groovy.runtime.InvokerHelper.getProperty(Ljava/lang/Object;Ljava/lang/String;)Ljava/lang/Object; @ 29
Event: 8.597 Thread 0x000000001bf0c800 Uncommon trap: reason=class_check action=maybe_recompile pc=0x000000000363c880 method=java.lang.Throwable.<init>(Ljava/lang/String;Ljava/lang/Throwable;)V @ 24
Event: 8.601 Thread 0x000000001bf0c800 Uncommon trap: reason=class_check action=maybe_recompile pc=0x00000000043b187c method=org.codehaus.groovy.runtime.InvokerHelper.getProperty(Ljava/lang/Object;Ljava/lang/String;)Ljava/lang/Object; @ 29
Event: 8.610 Thread 0x000000001bf0c800 Uncommon trap: reason=unstable_if action=reinterpret pc=0x00000000045d990c method=org.objectweb.asm.Type.getArgumentsAndReturnSizes(Ljava/lang/String;)I @ 117
Event: 8.610 Thread 0x000000001bf0c800 Uncommon trap: reason=unstable_if action=reinterpret pc=0x0000000003ee683c method=org.objectweb.asm.Type.getArgumentsAndReturnSizes(Ljava/lang/String;)I @ 117
Event: 8.610 Thread 0x000000001bf0c800 Uncommon trap: reason=unstable_if action=reinterpret pc=0x00000000044ba280 method=org.objectweb.asm.Type.getArgumentsAndReturnSizes(Ljava/lang/String;)I @ 19

Classes redefined (0 events):
No events

Internal exceptions (10 events):
Event: 8.658 Thread 0x000000001bf0c800 Exception <a 'java/lang/ClassNotFoundException': org/gradle/api/internal/tasks/DefaultSourceSetContainer_DecoratedBeanInfo> (0x00000000d6d10408) thrown at [C:\src\AOSP-openjdk-git\hotspot\src\share\vm\classfile\systemDictionary.cpp, line 210]
Event: 8.658 Thread 0x000000001bf0c800 Exception <a 'java/lang/ClassNotFoundException': org/gradle/api/internal/tasks/DefaultSourceSetContainerBeanInfo> (0x00000000d6d3f458) thrown at [C:\src\AOSP-openjdk-git\hotspot\src\share\vm\classfile\systemDictionary.cpp, line 210]
Event: 8.659 Thread 0x000000001bf0c800 Exception <a 'java/lang/ClassNotFoundException': org/gradle/api/internal/tasks/DefaultSourceSetContainerCustomizer> (0x00000000d6d6efe0) thrown at [C:\src\AOSP-openjdk-git\hotspot\src\share\vm\classfile\systemDictionary.cpp, line 210]
Event: 8.659 Thread 0x000000001bf0c800 Exception <a 'java/lang/ClassNotFoundException': org/gradle/api/internal/tasks/DefaultSourceSetContainer_DecoratedCustomizer> (0x00000000d6db28e0) thrown at [C:\src\AOSP-openjdk-git\hotspot\src\share\vm\classfile\systemDictionary.cpp, line 210]
Event: 8.687 Thread 0x000000001bf0c800 Exception <a 'java/lang/NoSuchMethodError': java.lang.Object.lambda$identity$2(Ljava/lang/Object;)Ljava/lang/Object;> (0x00000000d72ad118) thrown at [C:\src\AOSP-openjdk-git\hotspot\src\share\vm\interpreter\linkResolver.cpp, line 620]
Event: 8.811 Thread 0x000000001bf0c800 Exception <a 'java/lang/NoSuchMethodError': java.lang.Object.lambda$static$0(Ljava/util/Set;Ljava/util/Set;)Z> (0x00000000d84734d8) thrown at [C:\src\AOSP-openjdk-git\hotspot\src\share\vm\interpreter\linkResolver.cpp, line 620]
Event: 8.811 Thread 0x000000001bf0c800 Exception <a 'java/lang/NoSuchMethodError': java.lang.Object.lambda$static$1(Ljava/util/Set;Ljava/util/Set;)Z> (0x00000000d84763b0) thrown at [C:\src\AOSP-openjdk-git\hotspot\src\share\vm\interpreter\linkResolver.cpp, line 620]
Event: 8.811 Thread 0x000000001bf0c800 Exception <a 'java/lang/NoSuchMethodError': java.lang.Object.lambda$static$2(Ljava/util/Set;Ljava/util/Set;)Z> (0x00000000d8478ef0) thrown at [C:\src\AOSP-openjdk-git\hotspot\src\share\vm\interpreter\linkResolver.cpp, line 620]
Event: 8.811 Thread 0x000000001bf0c800 Exception <a 'java/lang/NoSuchMethodError': java.lang.Object.lambda$static$3(Ljava/util/Set;Ljava/util/Set;)Z> (0x00000000d847ba30) thrown at [C:\src\AOSP-openjdk-git\hotspot\src\share\vm\interpreter\linkResolver.cpp, line 620]
Event: 8.811 Thread 0x000000001bf0c800 Exception <a 'java/lang/NoSuchMethodError': java.lang.Object.lambda$static$4(Ljava/util/Set;Ljava/util/Set;)Z> (0x00000000d847e570) thrown at [C:\src\AOSP-openjdk-git\hotspot\src\share\vm\interpreter\linkResolver.cpp, line 620]

Events (10 events):
Event: 8.828 loading class com/android/build/gradle/internal/tasks/PackageBundleTask$BundleFlags
Event: 8.828 loading class com/android/build/gradle/internal/tasks/PackageBundleTask$BundleFlags done
Event: 8.830 loading class com/android/build/gradle/internal/tasks/PackageBundleTaskKt
Event: 8.830 loading class com/android/build/gradle/internal/tasks/PackageBundleTaskKt done
Event: 8.842 Thread 0x000000001bf0c800 DEOPT PACKING pc=0x00000000040c4e9f sp=0x000000001d859520
Event: 8.842 Thread 0x000000001bf0c800 DEOPT UNPACKING pc=0x00000000030875d0 sp=0x000000001d859268 mode 0
Event: 8.847 Thread 0x000000001bf0c800 DEOPT PACKING pc=0x00000000040c4e9f sp=0x000000001d85a460
Event: 8.847 Thread 0x000000001bf0c800 DEOPT UNPACKING pc=0x00000000030875d0 sp=0x000000001d85a1a8 mode 0
Event: 8.850 loading class org/gradle/api/internal/AbstractTask$9
Event: 8.850 loading class org/gradle/api/internal/AbstractTask$9 done


Dynamic libraries:
0x00007ff744e00000 - 0x00007ff744e31000 	C:\Program Files\Android\Android Studio\jre\bin\java.exe
0x00007ffe8ad40000 - 0x00007ffe8af2d000 	C:\WINDOWS\SYSTEM32\ntdll.dll
0x00007ffe8ac50000 - 0x00007ffe8ad03000 	C:\WINDOWS\System32\KERNEL32.DLL
0x00007ffe879b0000 - 0x00007ffe87c45000 	C:\WINDOWS\System32\KERNELBASE.dll
0x00007ffe8aa40000 - 0x00007ffe8aae3000 	C:\WINDOWS\System32\ADVAPI32.dll
0x00007ffe89a80000 - 0x00007ffe89b1e000 	C:\WINDOWS\System32\msvcrt.dll
0x00007ffe8a200000 - 0x00007ffe8a29e000 	C:\WINDOWS\System32\sechost.dll
0x00007ffe8ab20000 - 0x00007ffe8ac42000 	C:\WINDOWS\System32\RPCRT4.dll
0x00007ffe88190000 - 0x00007ffe88327000 	C:\WINDOWS\System32\USER32.dll
0x00007ffe87d00000 - 0x00007ffe87d20000 	C:\WINDOWS\System32\win32u.dll
0x00007ffe8aaf0000 - 0x00007ffe8ab19000 	C:\WINDOWS\System32\GDI32.dll
0x00007ffe87d20000 - 0x00007ffe87ebc000 	C:\WINDOWS\System32\gdi32full.dll
0x00007ffe87ec0000 - 0x00007ffe87f60000 	C:\WINDOWS\System32\msvcp_win.dll
0x00007ffe878b0000 - 0x00007ffe879aa000 	C:\WINDOWS\System32\ucrtbase.dll
0x00007ffe72420000 - 0x00007ffe72699000 	C:\WINDOWS\WinSxS\amd64_microsoft.windows.common-controls_6595b64144ccf1df_6.0.17763.1577_none_de7444545348a3d0\COMCTL32.dll
0x00007ffe8a410000 - 0x00007ffe8a73d000 	C:\WINDOWS\System32\combase.dll
0x00007ffe87c50000 - 0x00007ffe87cce000 	C:\WINDOWS\System32\bcryptPrimitives.dll
0x00007ffe88160000 - 0x00007ffe8818e000 	C:\WINDOWS\System32\IMM32.DLL
0x0000000070730000 - 0x0000000070802000 	C:\Program Files\Android\Android Studio\jre\jre\bin\msvcr100.dll
0x0000000070810000 - 0x000000007105b000 	C:\Program Files\Android\Android Studio\jre\jre\bin\server\jvm.dll
0x00007ffe89a70000 - 0x00007ffe89a78000 	C:\WINDOWS\System32\PSAPI.DLL
0x00007ffe818e0000 - 0x00007ffe818e9000 	C:\WINDOWS\SYSTEM32\WSOCK32.dll
0x00007ffe89ba0000 - 0x00007ffe89c0d000 	C:\WINDOWS\System32\WS2_32.dll
0x00007ffe7a7b0000 - 0x00007ffe7a7d4000 	C:\WINDOWS\SYSTEM32\WINMM.dll
0x00007ffe82e80000 - 0x00007ffe82e8a000 	C:\WINDOWS\SYSTEM32\VERSION.dll
0x00007ffe7a780000 - 0x00007ffe7a7ad000 	C:\WINDOWS\SYSTEM32\winmmbase.dll
0x00007ffe86e70000 - 0x00007ffe86eba000 	C:\WINDOWS\System32\cfgmgr32.dll
0x00007ffe818d0000 - 0x00007ffe818df000 	C:\Program Files\Android\Android Studio\jre\jre\bin\verify.dll
0x00007ffe818a0000 - 0x00007ffe818c9000 	C:\Program Files\Android\Android Studio\jre\jre\bin\java.dll
0x00007ffe81880000 - 0x00007ffe81896000 	C:\Program Files\Android\Android Studio\jre\jre\bin\zip.dll
0x00007ffe883c0000 - 0x00007ffe898b9000 	C:\WINDOWS\System32\SHELL32.dll
0x00007ffe8a360000 - 0x00007ffe8a408000 	C:\WINDOWS\System32\shcore.dll
0x00007ffe86ec0000 - 0x00007ffe87613000 	C:\WINDOWS\System32\windows.storage.dll
0x00007ffe86d60000 - 0x00007ffe86d84000 	C:\WINDOWS\System32\profapi.dll
0x00007ffe86d90000 - 0x00007ffe86ded000 	C:\WINDOWS\System32\powrprof.dll
0x00007ffe8a8b0000 - 0x00007ffe8a902000 	C:\WINDOWS\System32\shlwapi.dll
0x00007ffe86d20000 - 0x00007ffe86d31000 	C:\WINDOWS\System32\kernel.appcore.dll
0x00007ffe86df0000 - 0x00007ffe86e07000 	C:\WINDOWS\System32\cryptsp.dll
0x00007ffe81860000 - 0x00007ffe8187a000 	C:\Program Files\Android\Android Studio\jre\jre\bin\net.dll
0x00007ffe86590000 - 0x00007ffe865f7000 	C:\WINDOWS\system32\mswsock.dll
0x00007ffe81840000 - 0x00007ffe81853000 	C:\Program Files\Android\Android Studio\jre\jre\bin\nio.dll
0x00007ffe70ca0000 - 0x00007ffe70cc7000 	D:\gradle\native\f6784746aeab05261644944871eae4fe03e0ef1612fff0a4a95f87b438bc6780\windows-amd64\native-platform.dll
0x00007ffe81830000 - 0x00007ffe8183d000 	C:\Program Files\Android\Android Studio\jre\jre\bin\management.dll
0x00007ffe86110000 - 0x00007ffe86143000 	C:\WINDOWS\system32\rsaenh.dll
0x00007ffe87cd0000 - 0x00007ffe87cf6000 	C:\WINDOWS\System32\bcrypt.dll
0x00007ffe86c50000 - 0x00007ffe86c79000 	C:\WINDOWS\SYSTEM32\USERENV.dll
0x00007ffe86760000 - 0x00007ffe8676c000 	C:\WINDOWS\SYSTEM32\CRYPTBASE.dll
0x00007ffe862b0000 - 0x00007ffe862ed000 	C:\WINDOWS\SYSTEM32\IPHLPAPI.DLL
0x00007ffe88330000 - 0x00007ffe88338000 	C:\WINDOWS\System32\NSI.dll
0x00007ffe80d30000 - 0x00007ffe80d46000 	C:\WINDOWS\SYSTEM32\dhcpcsvc6.DLL
0x00007ffe80d10000 - 0x00007ffe80d2c000 	C:\WINDOWS\SYSTEM32\dhcpcsvc.DLL
0x00007ffe862f0000 - 0x00007ffe863b6000 	C:\WINDOWS\SYSTEM32\DNSAPI.dll
0x00007ffe80d50000 - 0x00007ffe80d5b000 	C:\WINDOWS\SYSTEM32\WINNSI.DLL
0x00007ffe85d90000 - 0x00007ffe85dc1000 	C:\WINDOWS\SYSTEM32\ntmarta.dll

VM Arguments:
jvm_args: -Xmx2048m -Dfile.encoding=UTF-8 -Duser.country=CN -Duser.language=zh -Duser.variant 
java_command: org.gradle.launcher.daemon.bootstrap.GradleDaemon 6.5
java_class_path (initial): D:\gradle\wrapper\dists\gradle-6.5-bin\6nifqtx7604sqp1q6g8wikw7p\gradle-6.5\lib\gradle-launcher-6.5.jar
Launcher Type: SUN_STANDARD

Environment Variables:
JAVA_HOME=C:\Program Files\Java\jdk1.8.0_202
CLASSPATH=.;C:\Program Files\Java\jdk1.8.0_202\lib\dt.jar;C:\Program Files\Java\jdk1.8.0_202\lib\tools.jar;
PATH=C:\Program Files (x86)\Common Files\Oracle\Java\javapath;C:\WINDOWS\system32;C:\WINDOWS;C:\WINDOWS\System32\Wbem;C:\WINDOWS\System32\WindowsPowerShell\v1.0\;C:\WINDOWS\System32\OpenSSH\;C:\Program Files\Java\jdk1.8.0_202\bin;C:\Program Files\Java\jdk1.8.0_202\jre\bin;D:\1Axiewei\adb\platform-tools\platform-tools;D:\1Axiewei\adb\tools\tools;C:\Program Files\TortoiseSVN\bin;C:\Program Files\Microsoft SQL Server\130\Tools\Binn\;E:\Program Files\Git\cmd;C:\Users\Administrator\AppData\Local\Programs\Python\Python38\Scripts\;C:\Users\Administrator\AppData\Local\Programs\Python\Python38\;C:\Users\Administrator\AppData\Local\Microsoft\WindowsApps;E:\Program Files\Microsoft VS Code\bin
USERNAME=Administrator
OS=Windows_NT
PROCESSOR_IDENTIFIER=Intel64 Family 6 Model 158 Stepping 10, GenuineIntel



---------------  S Y S T E M  ---------------

OS: Windows 10.0 , 64 bit Build 17763 (10.0.17763.475)

CPU:total 6 (initial active 6) (6 cores per cpu, 1 threads per core) family 6 model 158 stepping 10, cmov, cx8, fxsr, mmx, sse, sse2, sse3, ssse3, sse4.1, sse4.2, popcnt, avx, avx2, aes, clmul, erms, 3dnowpref, lzcnt, tsc, tscinvbit, bmi1, bmi2, adx

Memory: 4k page, physical 16688364k(2017580k free), swap 27174120k(5480k free)

vm_info: OpenJDK 64-Bit Server VM (25.242-b01) for windows-amd64 JRE (1.8.0_242-release-1644-b01), built by "builder" with MS VC++ 10.0 (VS2010)

time: Sat Feb 20 16:46:25 2021
timezone: 中国标准时间
elapsed time: 8 seconds (0d 0h 0m 8s)

