#
# There is insufficient memory for the Java Runtime Environment to continue.
# Native memory allocation (malloc) failed to allocate 1096096 bytes for Chunk::new
# Possible reasons:
#   The system is out of physical RAM or swap space
#   The process is running with CompressedOops enabled, and the Java Heap may be blocking the growth of the native heap
# Possible solutions:
#   Reduce memory load on the system
#   Increase physical memory or swap space
#   Check if swap backing store is full
#   Decrease Java heap size (-Xmx/-Xms)
#   Decrease number of Java threads
#   Decrease Java thread stack sizes (-Xss)
#   Set larger code cache with -XX:ReservedCodeCacheSize=
#   JVM is running with Unscaled Compressed Oops mode in which the Java heap is
#     placed in the first 4GB address space. The Java Heap base address is the
#     maximum limit for the native heap growth. Please use -XX:HeapBaseMinAddress
#     to set the Java Heap base and to place the Java Heap above 4GB virtual address.
# This output file may be truncated or incomplete.
#
#  Out of Memory Error (allocation.cpp:389), pid=99816, tid=0x0000000000011a90
#
# JRE version: OpenJDK Runtime Environment (8.0_242-b01) (build 1.8.0_242-release-1644-b01)
# Java VM: OpenJDK 64-Bit Server VM (25.242-b01 mixed mode windows-amd64 compressed oops)
# Failed to write core dump. Minidumps are not enabled by default on client versions of Windows
#

---------------  T H R E A D  ---------------

Current thread (0x00000000196b4000):  JavaThread "C2 CompilerThread1" daemon [_thread_in_native, id=72336, stack(0x0000000019d60000,0x0000000019e60000)]

Stack: [0x0000000019d60000,0x0000000019e60000]
[error occurred during error reporting (printing stack bounds), id 0xc0000005]

Native frames: (J=compiled Java code, j=interpreted, Vv=VM code, C=native code)


Current CompileTask:
C2:1580865 35646       4       org.gradle.execution.plan.TaskNode::doCheckDependenciesComplete (126 bytes)


---------------  P R O C E S S  ---------------

Java Threads: ( => current thread )
  0x0000000020bcf000 JavaThread "ForkJoinPool.commonPool-worker-3" daemon [_thread_in_native, id=115572, stack(0x0000000041840000,0x0000000041940000)]
  0x0000000020bd1000 JavaThread "Cache worker for Java compile cache (E:\VendingAppPlugin\newApp\baseLib\.gradle\6.5\javaCompile)" [_thread_blocked, id=115540, stack(0x0000000041740000,0x0000000041840000)]
  0x0000000020bd2000 JavaThread "RMI TCP Connection(21)-127.0.0.1" daemon [_thread_in_native, id=112964, stack(0x0000000041640000,0x0000000041740000)]
  0x0000000020bce000 JavaThread "RMI TCP Accept-0" daemon [_thread_in_native, id=114768, stack(0x0000000041540000,0x0000000041640000)]
  0x0000000020bcc800 JavaThread "RMI RenewClean-[127.0.0.1:17568,org.jetbrains.kotlin.daemon.common.LoopbackNetworkInterface$ClientLoopbackSocketFactory@5b857776]" daemon [_thread_blocked, id=50740, stack(0x0000000041440000,0x0000000041540000)]
  0x000000001dff5800 JavaThread "stdout" [_thread_in_native, id=115448, stack(0x0000000041340000,0x0000000041440000)]
  0x000000001dff9800 JavaThread "stderr" [_thread_in_native, id=115444, stack(0x0000000041240000,0x0000000041340000)]
  0x000000001dff6800 JavaThread "stdout" [_thread_in_native, id=115344, stack(0x0000000041140000,0x0000000041240000)]
  0x000000001dff7000 JavaThread "stderr" [_thread_in_native, id=115340, stack(0x0000000041040000,0x0000000041140000)]
  0x000000001dff8000 JavaThread "stdout" [_thread_in_native, id=115240, stack(0x0000000040f40000,0x0000000041040000)]
  0x000000001dfec800 JavaThread "stderr" [_thread_in_native, id=115236, stack(0x0000000040e40000,0x0000000040f40000)]
  0x000000001dff3800 JavaThread "stdout" [_thread_in_native, id=115216, stack(0x0000000040d40000,0x0000000040e40000)]
  0x000000001dfec000 JavaThread "stderr" [_thread_in_native, id=115212, stack(0x0000000040c40000,0x0000000040d40000)]
  0x000000001dfee000 JavaThread "stdout" [_thread_in_native, id=115192, stack(0x0000000040b40000,0x0000000040c40000)]
  0x000000001dff1000 JavaThread "stderr" [_thread_in_native, id=115188, stack(0x0000000040a40000,0x0000000040b40000)]
  0x00000000241a6800 JavaThread "stdout" [_thread_in_native, id=115176, stack(0x0000000040940000,0x0000000040a40000)]
  0x00000000241a6000 JavaThread "stderr" [_thread_in_native, id=115172, stack(0x0000000040840000,0x0000000040940000)]
  0x00000000241a9000 JavaThread "WorkerExecutor Queue Thread 6" [_thread_blocked, id=115156, stack(0x0000000040640000,0x0000000040740000)]
  0x00000000241a5000 JavaThread "WorkerExecutor Queue Thread 5" [_thread_blocked, id=115152, stack(0x0000000040540000,0x0000000040640000)]
  0x00000000241a9800 JavaThread "WorkerExecutor Queue Thread 4" [_thread_blocked, id=115148, stack(0x0000000040440000,0x0000000040540000)]
  0x000000002419d800 JavaThread "WorkerExecutor Queue Thread 3" [_thread_blocked, id=115144, stack(0x0000000040340000,0x0000000040440000)]
  0x00000000241a3800 JavaThread "WorkerExecutor Queue Thread 2" [_thread_blocked, id=115140, stack(0x0000000040240000,0x0000000040340000)]
  0x00000000241a0000 JavaThread "WorkerExecutor Queue" [_thread_blocked, id=115136, stack(0x0000000040140000,0x0000000040240000)]
  0x00000000241a1800 JavaThread "Cache worker for execution history cache (E:\VendingAppPlugin\newApp\baseLib\.gradle\6.5\executionHistory)" [_thread_blocked, id=114924, stack(0x0000000040040000,0x0000000040140000)]
  0x00000000218eb000 JavaThread "Cache worker for file content cache (E:\VendingAppPlugin\newApp\baseLib\.gradle\6.5\fileContent)" [_thread_blocked, id=114864, stack(0x000000003fa40000,0x000000003fb40000)]
  0x00000000218ee800 JavaThread "Cache worker for Build Output Cleanup Cache (E:\VendingAppPlugin\newApp\baseLib\.gradle\buildOutputCleanup)" [_thread_blocked, id=114700, stack(0x000000003f940000,0x000000003fa40000)]
  0x00000000218e6800 JavaThread "jar transforms Thread 1220" [_thread_blocked, id=114620, stack(0x000000003f840000,0x000000003f940000)]
  0x00000000218ed000 JavaThread "jar transforms Thread 1219" [_thread_blocked, id=114088, stack(0x000000003f740000,0x000000003f840000)]
  0x00000000218ea000 JavaThread "jar transforms Thread 1218" [_thread_blocked, id=114564, stack(0x000000003f640000,0x000000003f740000)]
  0x00000000218e9800 JavaThread "jar transforms Thread 1217" [_thread_blocked, id=114548, stack(0x000000003f540000,0x000000003f640000)]
  0x00000000218e5000 JavaThread "jar transforms Thread 1216" [_thread_blocked, id=114660, stack(0x000000003f440000,0x000000003f540000)]
  0x00000000218e2800 JavaThread "jar transforms Thread 1215" [_thread_blocked, id=114600, stack(0x000000003f340000,0x000000003f440000)]
  0x00000000218e7000 JavaThread "jar transforms Thread 1214" [_thread_blocked, id=114368, stack(0x000000003f240000,0x000000003f340000)]
  0x00000000218e8800 JavaThread "jar transforms Thread 1213" [_thread_blocked, id=114448, stack(0x000000003f140000,0x000000003f240000)]
  0x00000000218e4000 JavaThread "jar transforms Thread 1212" [_thread_blocked, id=114488, stack(0x000000003f040000,0x000000003f140000)]
  0x00000000218e3800 JavaThread "jar transforms Thread 1211" [_thread_blocked, id=113672, stack(0x000000003ef40000,0x000000003f040000)]
  0x00000000218e1000 JavaThread "jar transforms Thread 1210" [_thread_blocked, id=66008, stack(0x000000003ee40000,0x000000003ef40000)]
  0x00000000218e5800 JavaThread "jar transforms Thread 1209" [_thread_blocked, id=114508, stack(0x000000003ed40000,0x000000003ee40000)]
  0x000000001c0cd000 JavaThread "jar transforms Thread 1208" [_thread_blocked, id=112336, stack(0x000000003ec40000,0x000000003ed40000)]
  0x000000001c0cc800 JavaThread "jar transforms Thread 1207" [_thread_blocked, id=114428, stack(0x000000003eb40000,0x000000003ec40000)]
  0x000000001c0cb800 JavaThread "jar transforms Thread 1206" [_thread_blocked, id=114584, stack(0x000000003ea40000,0x000000003eb40000)]
  0x000000001c0cb000 JavaThread "jar transforms Thread 1205" [_thread_blocked, id=112396, stack(0x000000003e940000,0x000000003ea40000)]
  0x000000001c0c9800 JavaThread "jar transforms Thread 1204" [_thread_blocked, id=114480, stack(0x000000003e840000,0x000000003e940000)]
  0x000000001c0cf800 JavaThread "jar transforms Thread 1203" [_thread_blocked, id=114436, stack(0x000000003e740000,0x000000003e840000)]
  0x000000001c0ca000 JavaThread "jar transforms Thread 1202" [_thread_blocked, id=108696, stack(0x000000003e640000,0x000000003e740000)]
  0x000000001c0c2000 JavaThread "jar transforms Thread 1201" [_thread_blocked, id=114552, stack(0x000000003e540000,0x000000003e640000)]
  0x000000001c0c8800 JavaThread "jar transforms Thread 1200" [_thread_blocked, id=104988, stack(0x000000003e440000,0x000000003e540000)]
  0x000000001c0c1000 JavaThread "jar transforms Thread 1199" [_thread_blocked, id=114300, stack(0x000000003e340000,0x000000003e440000)]
  0x000000001c0c8000 JavaThread "jar transforms Thread 1198" [_thread_blocked, id=112312, stack(0x000000003e240000,0x000000003e340000)]
  0x000000001c0c0800 JavaThread "jar transforms Thread 1197" [_thread_blocked, id=114468, stack(0x000000003e140000,0x000000003e240000)]
  0x000000001c0c7000 JavaThread "jar transforms Thread 1196" [_thread_blocked, id=110664, stack(0x000000003e040000,0x000000003e140000)]
  0x000000001c0c5800 JavaThread "jar transforms Thread 1195" [_thread_blocked, id=114540, stack(0x000000003df40000,0x000000003e040000)]
  0x000000001c0c2800 JavaThread "jar transforms Thread 1194" [_thread_blocked, id=114596, stack(0x000000003de40000,0x000000003df40000)]
  0x000000001c0c5000 JavaThread "jar transforms Thread 1193" [_thread_blocked, id=114424, stack(0x000000003dd40000,0x000000003de40000)]
  0x000000001c0c6800 JavaThread "jar transforms Thread 1192" [_thread_blocked, id=114404, stack(0x000000003dc40000,0x000000003dd40000)]
  0x000000001c0c4000 JavaThread "jar transforms Thread 1191" [_thread_blocked, id=110380, stack(0x000000003db40000,0x000000003dc40000)]
  0x000000001fad9800 JavaThread "jar transforms Thread 1190" [_thread_blocked, id=100432, stack(0x000000003da40000,0x000000003db40000)]
  0x000000001fada000 JavaThread "jar transforms Thread 1189" [_thread_blocked, id=114308, stack(0x000000003d940000,0x000000003da40000)]
  0x000000001fad3800 JavaThread "jar transforms Thread 1188" [_thread_blocked, id=114456, stack(0x000000003d840000,0x000000003d940000)]
  0x000000001fad8800 JavaThread "jar transforms Thread 1187" [_thread_blocked, id=113956, stack(0x000000003d740000,0x000000003d840000)]
  0x000000001fad2800 JavaThread "jar transforms Thread 1186" [_thread_blocked, id=114228, stack(0x000000003d640000,0x000000003d740000)]
  0x000000001fad1000 JavaThread "jar transforms Thread 1185" [_thread_blocked, id=112440, stack(0x000000003d540000,0x000000003d640000)]
  0x000000001fad7000 JavaThread "jar transforms Thread 1184" [_thread_blocked, id=114380, stack(0x000000003d440000,0x000000003d540000)]
  0x000000001fad8000 JavaThread "jar transforms Thread 1183" [_thread_blocked, id=114348, stack(0x000000003d340000,0x000000003d440000)]
  0x000000001fad4000 JavaThread "jar transforms Thread 1182" [_thread_blocked, id=114180, stack(0x000000003d240000,0x000000003d340000)]
  0x000000001fad6800 JavaThread "jar transforms Thread 1181" [_thread_blocked, id=114208, stack(0x000000003d140000,0x000000003d240000)]
  0x000000001fad2000 JavaThread "jar transforms Thread 1180" [_thread_blocked, id=114376, stack(0x000000003d040000,0x000000003d140000)]
  0x000000001fad5800 JavaThread "jar transforms Thread 1179" [_thread_blocked, id=114352, stack(0x000000003cf40000,0x000000003d040000)]
  0x000000001fad5000 JavaThread "jar transforms Thread 1178" [_thread_blocked, id=114200, stack(0x000000003ce40000,0x000000003cf40000)]
  0x000000001fac9800 JavaThread "jar transforms Thread 1177" [_thread_blocked, id=114212, stack(0x000000003cd40000,0x000000003ce40000)]
  0x000000001fac9000 JavaThread "jar transforms Thread 1176" [_thread_blocked, id=114268, stack(0x000000003cc40000,0x000000003cd40000)]
  0x000000001facf800 JavaThread "jar transforms Thread 1175" [_thread_blocked, id=114280, stack(0x000000003cb40000,0x000000003cc40000)]
  0x000000001fac8000 JavaThread "jar transforms Thread 1174" [_thread_blocked, id=114288, stack(0x000000003ca40000,0x000000003cb40000)]
  0x000000001facf000 JavaThread "jar transforms Thread 1173" [_thread_blocked, id=114292, stack(0x000000003c940000,0x000000003ca40000)]
  0x000000001facd800 JavaThread "jar transforms Thread 1172" [_thread_blocked, id=114172, stack(0x000000003c840000,0x000000003c940000)]
  0x000000001facc000 JavaThread "jar transforms Thread 1171" [_thread_blocked, id=112488, stack(0x000000003c740000,0x000000003c840000)]
  0x000000001fac0800 JavaThread "jar transforms Thread 1170" [_thread_blocked, id=114332, stack(0x000000003c640000,0x000000003c740000)]
  0x000000001fabf800 JavaThread "jar transforms Thread 1169" [_thread_blocked, id=114676, stack(0x000000003c540000,0x000000003c640000)]
  0x000000001fabf000 JavaThread "jar transforms Thread 1168" [_thread_blocked, id=113564, stack(0x000000003c440000,0x000000003c540000)]
  0x000000001fac3800 JavaThread "jar transforms Thread 1167" [_thread_blocked, id=114184, stack(0x000000003c340000,0x000000003c440000)]
  0x000000001fabc800 JavaThread "jar transforms Thread 1166" [_thread_blocked, id=110856, stack(0x000000003c240000,0x000000003c340000)]
  0x000000001fac3000 JavaThread "jar transforms Thread 1165" [_thread_blocked, id=114224, stack(0x000000003c140000,0x000000003c240000)]
  0x000000001fac2000 JavaThread "jar transforms Thread 1164" [_thread_blocked, id=114132, stack(0x000000003c040000,0x000000003c140000)]
  0x000000001fabe000 JavaThread "jar transforms Thread 1163" [_thread_blocked, id=114112, stack(0x000000003bf40000,0x000000003c040000)]
  0x000000001fabc000 JavaThread "jar transforms Thread 1162" [_thread_blocked, id=114260, stack(0x000000003be40000,0x000000003bf40000)]
  0x000000001fabb000 JavaThread "jar transforms Thread 1161" [_thread_blocked, id=114220, stack(0x000000003bd40000,0x000000003be40000)]
  0x000000001fac1000 JavaThread "jar transforms Thread 1160" [_thread_blocked, id=113984, stack(0x000000003bc40000,0x000000003bd40000)]
  0x000000001f43b800 JavaThread "jar transforms Thread 1159" [_thread_blocked, id=114036, stack(0x000000003bb40000,0x000000003bc40000)]
  0x000000001f43c000 JavaThread "jar transforms Thread 1158" [_thread_blocked, id=107468, stack(0x000000003ba40000,0x000000003bb40000)]
  0x000000001f43a800 JavaThread "jar transforms Thread 1157" [_thread_blocked, id=114156, stack(0x000000003b940000,0x000000003ba40000)]
  0x000000001f43a000 JavaThread "jar transforms Thread 1156" [_thread_blocked, id=113512, stack(0x000000003b840000,0x000000003b940000)]
  0x000000001f43d000 JavaThread "jar transforms Thread 1155" [_thread_blocked, id=114408, stack(0x000000003b740000,0x000000003b840000)]
  0x000000001f439000 JavaThread "jar transforms Thread 1154" [_thread_blocked, id=114028, stack(0x000000003b640000,0x000000003b740000)]
  0x000000001f438800 JavaThread "jar transforms Thread 1153" [_thread_blocked, id=114072, stack(0x000000003b540000,0x000000003b640000)]
  0x000000001f431000 JavaThread "jar transforms Thread 1152" [_thread_blocked, id=113912, stack(0x000000003b440000,0x000000003b540000)]
  0x000000001f437800 JavaThread "jar transforms Thread 1151" [_thread_blocked, id=114080, stack(0x000000003b340000,0x000000003b440000)]
  0x000000001f430000 JavaThread "jar transforms Thread 1150" [_thread_blocked, id=114608, stack(0x000000003b240000,0x000000003b340000)]
  0x000000001f433000 JavaThread "jar transforms Thread 1149" [_thread_blocked, id=107032, stack(0x000000003b140000,0x000000003b240000)]
  0x000000001f434800 JavaThread "jar transforms Thread 1148" [_thread_blocked, id=114164, stack(0x000000003b040000,0x000000003b140000)]
  0x000000001f437000 JavaThread "jar transforms Thread 1147" [_thread_blocked, id=112744, stack(0x000000003af40000,0x000000003b040000)]
  0x000000001f434000 JavaThread "jar transforms Thread 1146" [_thread_blocked, id=114092, stack(0x000000003ae40000,0x000000003af40000)]
  0x000000001f42f800 JavaThread "jar transforms Thread 1145" [_thread_blocked, id=113692, stack(0x000000003ad40000,0x000000003ae40000)]
  0x000000001f436000 JavaThread "jar transforms Thread 1144" [_thread_blocked, id=114008, stack(0x000000003ac40000,0x000000003ad40000)]
  0x000000001f435800 JavaThread "jar transforms Thread 1143" [_thread_blocked, id=113932, stack(0x000000003ab40000,0x000000003ac40000)]
  0x000000001f432800 JavaThread "jar transforms Thread 1142" [_thread_blocked, id=114032, stack(0x000000003aa40000,0x000000003ab40000)]
  0x000000001f428000 JavaThread "jar transforms Thread 1141" [_thread_blocked, id=114076, stack(0x000000003a940000,0x000000003aa40000)]
  0x000000001f42e800 JavaThread "jar transforms Thread 1140" [_thread_blocked, id=114284, stack(0x000000003a840000,0x000000003a940000)]
  0x000000001f42b000 JavaThread "jar transforms Thread 1139" [_thread_blocked, id=114504, stack(0x000000003a740000,0x000000003a840000)]
  0x000000001f42d000 JavaThread "jar transforms Thread 1138" [_thread_blocked, id=113128, stack(0x000000003a640000,0x000000003a740000)]
  0x000000001f42a000 JavaThread "jar transforms Thread 1137" [_thread_blocked, id=114492, stack(0x000000003a540000,0x000000003a640000)]
  0x000000001f42b800 JavaThread "jar transforms Thread 1136" [_thread_blocked, id=113708, stack(0x000000003a440000,0x000000003a540000)]
  0x000000001f42c800 JavaThread "jar transforms Thread 1135" [_thread_blocked, id=114652, stack(0x000000003a340000,0x000000003a440000)]
  0x000000001f429800 JavaThread "jar transforms Thread 1134" [_thread_blocked, id=113884, stack(0x000000003a240000,0x000000003a340000)]
  0x000000001f428800 JavaThread "jar transforms Thread 1133" [_thread_blocked, id=114016, stack(0x000000003a140000,0x000000003a240000)]
  0x000000001f420000 JavaThread "jar transforms Thread 1132" [_thread_blocked, id=106948, stack(0x000000003a040000,0x000000003a140000)]
  0x000000001f427000 JavaThread "jar transforms Thread 1131" [_thread_blocked, id=110552, stack(0x0000000039f40000,0x000000003a040000)]
  0x000000001f41f800 JavaThread "jar transforms Thread 1130" [_thread_blocked, id=112668, stack(0x0000000039e40000,0x0000000039f40000)]
  0x000000001f426800 JavaThread "jar transforms Thread 1129" [_thread_blocked, id=114044, stack(0x0000000039d40000,0x0000000039e40000)]
  0x000000001f41e800 JavaThread "jar transforms Thread 1128" [_thread_blocked, id=114020, stack(0x0000000039c40000,0x0000000039d40000)]
  0x000000001f425800 JavaThread "jar transforms Thread 1127" [_thread_blocked, id=89592, stack(0x0000000039b40000,0x0000000039c40000)]
  0x000000001f41e000 JavaThread "jar transforms Thread 1126" [_thread_blocked, id=113748, stack(0x0000000039a40000,0x0000000039b40000)]
  0x000000001f423800 JavaThread "jar transforms Thread 1125" [_thread_blocked, id=113992, stack(0x0000000039940000,0x0000000039a40000)]
  0x000000001f422800 JavaThread "jar transforms Thread 1124" [_thread_blocked, id=113704, stack(0x0000000039840000,0x0000000039940000)]
  0x000000001f425000 JavaThread "jar transforms Thread 1123" [_thread_blocked, id=108928, stack(0x0000000039740000,0x0000000039840000)]
  0x000000001f424000 JavaThread "jar transforms Thread 1122" [_thread_blocked, id=113760, stack(0x0000000039640000,0x0000000039740000)]
  0x000000001f422000 JavaThread "jar transforms Thread 1121" [_thread_blocked, id=113780, stack(0x0000000039540000,0x0000000039640000)]
  0x000000001f421000 JavaThread "jar transforms Thread 1120" [_thread_blocked, id=113876, stack(0x0000000039440000,0x0000000039540000)]
  0x0000000026847000 JavaThread "jar transforms Thread 1119" [_thread_blocked, id=112056, stack(0x0000000039340000,0x0000000039440000)]
  0x000000002683f800 JavaThread "jar transforms Thread 1118" [_thread_blocked, id=113816, stack(0x0000000039240000,0x0000000039340000)]
  0x0000000026846800 JavaThread "jar transforms Thread 1117" [_thread_blocked, id=113752, stack(0x0000000039140000,0x0000000039240000)]
  0x000000002683f000 JavaThread "jar transforms Thread 1116" [_thread_blocked, id=113016, stack(0x0000000039040000,0x0000000039140000)]
  0x0000000026845800 JavaThread "jar transforms Thread 1115" [_thread_blocked, id=113068, stack(0x0000000038f40000,0x0000000039040000)]
  0x000000002683e000 JavaThread "jar transforms Thread 1114" [_thread_blocked, id=114336, stack(0x0000000038e40000,0x0000000038f40000)]
  0x0000000026845000 JavaThread "jar transforms Thread 1113" [_thread_blocked, id=113084, stack(0x0000000038d40000,0x0000000038e40000)]
  0x0000000026842800 JavaThread "jar transforms Thread 1112" [_thread_blocked, id=113832, stack(0x0000000038c40000,0x0000000038d40000)]
  0x000000002683d800 JavaThread "jar transforms Thread 1111" [_thread_blocked, id=113712, stack(0x0000000038b40000,0x0000000038c40000)]
  0x0000000026844000 JavaThread "jar transforms Thread 1110" [_thread_blocked, id=113896, stack(0x0000000038a40000,0x0000000038b40000)]
  0x0000000026840800 JavaThread "jar transforms Thread 1109" [_thread_blocked, id=113836, stack(0x0000000038940000,0x0000000038a40000)]
  0x0000000026843800 JavaThread "jar transforms Thread 1108" [_thread_blocked, id=114064, stack(0x0000000038840000,0x0000000038940000)]
  0x0000000026841000 JavaThread "jar transforms Thread 1107" [_thread_blocked, id=72640, stack(0x0000000038740000,0x0000000038840000)]
  0x0000000026842000 JavaThread "jar transforms Thread 1106" [_thread_blocked, id=113908, stack(0x0000000038640000,0x0000000038740000)]
  0x000000002683c800 JavaThread "jar transforms Thread 1105" [_thread_blocked, id=113860, stack(0x0000000038540000,0x0000000038640000)]
  0x000000002683c000 JavaThread "jar transforms Thread 1104" [_thread_blocked, id=112904, stack(0x0000000038440000,0x0000000038540000)]
  0x0000000026834000 JavaThread "jar transforms Thread 1103" [_thread_blocked, id=110520, stack(0x0000000038340000,0x0000000038440000)]
  0x000000002683b000 JavaThread "jar transforms Thread 1102" [_thread_blocked, id=113944, stack(0x0000000038240000,0x0000000038340000)]
  0x0000000026838000 JavaThread "jar transforms Thread 1101" [_thread_blocked, id=113848, stack(0x0000000038140000,0x0000000038240000)]
  0x0000000026836800 JavaThread "jar transforms Thread 1100" [_thread_blocked, id=107776, stack(0x0000000038040000,0x0000000038140000)]
  0x0000000026833800 JavaThread "jar transforms Thread 1099" [_thread_blocked, id=112460, stack(0x0000000037f40000,0x0000000038040000)]
  0x0000000026838800 JavaThread "jar transforms Thread 1098" [_thread_blocked, id=113032, stack(0x0000000037e40000,0x0000000037f40000)]
  0x0000000026837000 JavaThread "Build operations Thread 6" [_thread_blocked, id=113820, stack(0x0000000037d40000,0x0000000037e40000)]
  0x000000002683a800 JavaThread "Build operations Thread 5" [_thread_blocked, id=111408, stack(0x0000000037c40000,0x0000000037d40000)]
  0x0000000026832800 JavaThread "Build operations Thread 4" [_thread_blocked, id=113900, stack(0x0000000037b40000,0x0000000037c40000)]
  0x0000000026839800 JavaThread "Build operations Thread 3" [_thread_blocked, id=113792, stack(0x0000000037a40000,0x0000000037b40000)]
  0x0000000026832000 JavaThread "Build operations Thread 2" [_thread_blocked, id=113668, stack(0x0000000037940000,0x0000000037a40000)]
  0x000000002682f000 JavaThread "Build operations" [_thread_blocked, id=113868, stack(0x0000000037840000,0x0000000037940000)]
  0x0000000026835800 JavaThread "Cache worker for cache directory md-rule (D:\gradle\caches\6.5\md-rule)" [_thread_blocked, id=114648, stack(0x0000000037740000,0x0000000037840000)]
  0x0000000026835000 JavaThread "Cache worker for cache directory md-supplier (D:\gradle\caches\6.5\md-supplier)" [_thread_blocked, id=114096, stack(0x0000000037640000,0x0000000037740000)]
  0x000000002682a800 JavaThread "Cache worker for checksums cache (E:\VendingAppPlugin\newApp\baseLib\.gradle\checksums)" [_thread_blocked, id=113840, stack(0x0000000037540000,0x0000000037640000)]
  0x000000002682c000 JavaThread "Cache worker for file hash cache (E:\VendingAppPlugin\newApp\baseLib\.gradle\6.5\fileHashes)" [_thread_blocked, id=113948, stack(0x0000000037440000,0x0000000037540000)]
  0x0000000026831000 JavaThread "Thread-1423" [_thread_blocked, id=113768, stack(0x0000000037340000,0x0000000037440000)]
  0x0000000026830800 JavaThread "Stdin handler" [_thread_blocked, id=114624, stack(0x0000000037240000,0x0000000037340000)]
  0x0000000026828000 JavaThread "Asynchronous log dispatcher for DefaultDaemonConnection: socket connection from /127.0.0.1:59789 to /127.0.0.1:64494" [_thread_blocked, id=113772, stack(0x0000000037140000,0x0000000037240000)]
  0x000000002682b000 JavaThread "Daemon worker Thread 10" [_thread_in_vm, id=114040, stack(0x0000000037040000,0x0000000037140000)]
  0x000000002682c800 JavaThread "Cancel handler" [_thread_blocked, id=114452, stack(0x0000000036f40000,0x0000000037040000)]
  0x000000002682e000 JavaThread "Handler for socket connection from /127.0.0.1:59789 to /127.0.0.1:64494" [_thread_in_native, id=114668, stack(0x0000000036e40000,0x0000000036f40000)]
  0x000000002682d800 JavaThread "Daemon Thread 10" [_thread_blocked, id=113804, stack(0x0000000036d40000,0x0000000036e40000)]
  0x0000000020bd2800 JavaThread "RMI TCP Accept-0" daemon [_thread_in_native, id=111372, stack(0x0000000034550000,0x0000000034650000)]
  0x000000001fac7800 JavaThread "Cache worker for Java compile cache (D:\gradle\caches\6.5\javaCompile)" [_thread_blocked, id=111120, stack(0x0000000045800000,0x0000000045900000)]
  0x000000001face000 JavaThread "RMI Reaper" [_thread_blocked, id=111472, stack(0x0000000045600000,0x0000000045700000)]
  0x000000001fac6800 JavaThread "RMI TCP Accept-0" daemon [_thread_in_native, id=111468, stack(0x0000000045500000,0x0000000045600000)]
  0x000000001fac6000 JavaThread "GC Daemon" daemon [_thread_blocked, id=111444, stack(0x0000000045400000,0x0000000045500000)]
  0x000000001fabd800 JavaThread "RMI Scheduler(0)" daemon [_thread_blocked, id=111436, stack(0x0000000045200000,0x0000000045300000)]
  0x00000000241a8000 JavaThread "MarlinRenderer Disposer" daemon [_thread_blocked, id=96064, stack(0x0000000044200000,0x0000000044300000)]
  0x00000000241ab000 JavaThread "Java2D Disposer" daemon [_thread_blocked, id=109896, stack(0x0000000044100000,0x0000000044200000)]
  0x00000000218e2000 JavaThread "Memory manager" [_thread_blocked, id=110364, stack(0x000000002c7e0000,0x000000002c8e0000)]
  0x000000001dfef000 JavaThread "Cache worker for file content cache (D:\gradle\caches\6.5\fileContent)" [_thread_blocked, id=109908, stack(0x0000000023ac0000,0x0000000023bc0000)]
  0x000000001dfeb000 JavaThread "Cache worker for execution history cache (D:\gradle\caches\6.5\executionHistory)" [_thread_blocked, id=109900, stack(0x00000000235c0000,0x00000000236c0000)]
  0x00000000196b3800 JavaThread "Cache worker for file hash cache (D:\gradle\caches\6.5\fileHashes)" [_thread_blocked, id=109776, stack(0x000000001ee80000,0x000000001ef80000)]
  0x000000001bef0800 JavaThread "File lock request listener" [_thread_in_native, id=109772, stack(0x000000001ddb0000,0x000000001deb0000)]
  0x000000001bedc800 JavaThread "Cache worker for journal cache (D:\gradle\caches\journal-1)" [_thread_blocked, id=109768, stack(0x000000001dcb0000,0x000000001ddb0000)]
  0x000000001bcf7000 JavaThread "Daemon periodic checks" [_thread_blocked, id=109728, stack(0x000000001cfb0000,0x000000001d0b0000)]
  0x000000001bceb800 JavaThread "Incoming local TCP Connector on port 59789" [_thread_in_native, id=109724, stack(0x000000001ce00000,0x000000001cf00000)]
  0x000000001bc8f000 JavaThread "Daemon health stats" [_thread_blocked, id=109704, stack(0x000000001cb00000,0x000000001cc00000)]
  0x0000000019737000 JavaThread "Service Thread" daemon [_thread_blocked, id=109316, stack(0x0000000019f60000,0x000000001a060000)]
  0x00000000196b2800 JavaThread "C1 CompilerThread2" daemon [_thread_blocked, id=84284, stack(0x0000000019e60000,0x0000000019f60000)]
=>0x00000000196b4000 JavaThread "C2 CompilerThread1" daemon [_thread_in_native, id=72336, stack(0x0000000019d60000,0x0000000019e60000)]
  0x00000000196aa800 JavaThread "C2 CompilerThread0" daemon [_thread_blocked, id=88128, stack(0x0000000019c60000,0x0000000019d60000)]
  0x0000000017cf2800 JavaThread "Attach Listener" daemon [_thread_blocked, id=107648, stack(0x0000000019b60000,0x0000000019c60000)]
  0x0000000017cf1800 JavaThread "Signal Dispatcher" daemon [_thread_blocked, id=108616, stack(0x0000000019a60000,0x0000000019b60000)]
  0x0000000002e7c800 JavaThread "Finalizer" daemon [_thread_blocked, id=94168, stack(0x0000000019560000,0x0000000019660000)]
  0x0000000017ccb000 JavaThread "Reference Handler" daemon [_thread_blocked, id=107676, stack(0x0000000019460000,0x0000000019560000)]
  0x000000000290e800 JavaThread "main" [_thread_blocked, id=108484, stack(0x0000000002c80000,0x0000000002d80000)]

Other Threads:
  0x0000000017ca6000 VMThread [stack: 0x0000000019360000,0x0000000019460000] [id=100424]
  0x0000000019737800 WatcherThread [stack: 0x000000001a060000,0x000000001a160000] [id=84920]

VM state:not at safepoint (normal execution)

VM Mutex/Monitor currently owned by a thread: None

OutOfMemory and StackOverflow Exception counts:
OutOfMemoryError java_heap_errors=1

heap address: 0x0000000080000000, size: 2048 MB, Compressed Oops mode: 32-bit
Narrow klass base: 0x0000000000000000, Narrow klass shift: 3
Compressed class space size: 1073741824 Address: 0x0000000100000000

Heap:
 PSYoungGen      total 607744K, used 526187K [0x00000000d5580000, 0x0000000100000000, 0x0000000100000000)
  eden space 510976K, 96% used [0x00000000d5580000,0x00000000f361c6a8,0x00000000f4880000)
  from space 96768K, 35% used [0x00000000fa180000,0x00000000fc2be7a0,0x0000000100000000)
  to   space 91136K, 0% used [0x00000000f4880000,0x00000000f4880000,0x00000000fa180000)
 ParOldGen       total 510976K, used 148430K [0x0000000080000000, 0x000000009f300000, 0x00000000d5580000)
  object space 510976K, 29% used [0x0000000080000000,0x00000000890f3bd0,0x000000009f300000)
 Metaspace       used 179316K, capacity 191696K, committed 192000K, reserved 1216512K
  class space    used 23429K, capacity 25768K, committed 25856K, reserved 1048576K

Card table byte_map: [0x0000000012240000,0x0000000012650000] byte_map_base: 0x0000000011e40000

Marking Bits: (ParMarkBitMap*) 0x00000000595af030
 Begin Bits: [0x0000000012f00000, 0x0000000014f00000)
 End Bits:   [0x0000000014f00000, 0x0000000016f00000)

Polling page: 0x00000000007f0000

CodeCache: size=245760Kb used=91420Kb max_used=91441Kb free=154339Kb
 bounds [0x0000000002e80000, 0x0000000008860000, 0x0000000011e80000]
 total_blobs=27927 nmethods=26805 adapters=1033
 compilation: enabled

Compilation events (10 events):
Event: 1580.833 Thread 0x00000000196b2800 35651       3       kotlin.text.StringsKt__StringsKt::split$StringsKt__StringsKt (262 bytes)
Event: 1580.834 Thread 0x00000000196b2800 nmethod 35651 0x000000000884fd10 code [0x0000000008850100, 0x0000000008852618]
Event: 1580.834 Thread 0x00000000196b2800 35652       3       org.gradle.api.internal.project.DefaultProject::getGroup (111 bytes)
Event: 1580.835 Thread 0x00000000196b2800 nmethod 35652 0x00000000034b9e10 code [0x00000000034ba080, 0x00000000034bb2b8]
Event: 1580.837 Thread 0x00000000196aa800 35653       4       java.util.TreeMap::buildFromSorted (218 bytes)
Event: 1580.851 Thread 0x00000000196b2800 35654       3       org.gradle.internal.logging.text.AbstractLineChoppingStyledTextOutput$4::execute (9 bytes)
Event: 1580.851 Thread 0x00000000196b2800 nmethod 35654 0x0000000008412010 code [0x00000000084121c0, 0x00000000084126e8]
Event: 1580.851 Thread 0x00000000196b2800 35655       3       org.gradle.internal.logging.text.AbstractLineChoppingStyledTextOutput::doStartLine (1 bytes)
Event: 1580.852 Thread 0x00000000196b2800 nmethod 35655 0x00000000080f7d90 code [0x00000000080f7ee0, 0x00000000080f8030]
Event: 1580.852 Thread 0x00000000196aa800 nmethod 35653 0x0000000008856450 code [0x0000000008856620, 0x00000000088573f0]

GC Heap History (10 events):
Event: 1078.016 GC heap before
{Heap before GC invocations=33 (full 4):
 PSYoungGen      total 553472K, used 501899K [0x00000000d5580000, 0x00000000fbf80000, 0x0000000100000000)
  eden space 488448K, 100% used [0x00000000d5580000,0x00000000f3280000,0x00000000f3280000)
  from space 65024K, 20% used [0x00000000f8000000,0x00000000f8d22f08,0x00000000fbf80000)
  to   space 72192K, 0% used [0x00000000f3280000,0x00000000f3280000,0x00000000f7900000)
 ParOldGen       total 385536K, used 117824K [0x0000000080000000, 0x0000000097880000, 0x00000000d5580000)
  object space 385536K, 30% used [0x0000000080000000,0x0000000087310048,0x0000000097880000)
 Metaspace       used 123333K, capacity 132220K, committed 132352K, reserved 1163264K
  class space    used 15901K, capacity 17617K, committed 17664K, reserved 1048576K
Event: 1078.047 GC heap after
Heap after GC invocations=33 (full 4):
 PSYoungGen      total 560640K, used 25726K [0x00000000d5580000, 0x00000000fc800000, 0x0000000100000000)
  eden space 488448K, 0% used [0x00000000d5580000,0x00000000d5580000,0x00000000f3280000)
  from space 72192K, 35% used [0x00000000f3280000,0x00000000f4b9fbe8,0x00000000f7900000)
  to   space 67584K, 0% used [0x00000000f8600000,0x00000000f8600000,0x00000000fc800000)
 ParOldGen       total 385536K, used 117840K [0x0000000080000000, 0x0000000097880000, 0x00000000d5580000)
  object space 385536K, 30% used [0x0000000080000000,0x0000000087314048,0x0000000097880000)
 Metaspace       used 123333K, capacity 132220K, committed 132352K, reserved 1163264K
  class space    used 15901K, capacity 17617K, committed 17664K, reserved 1048576K
}
Event: 1083.591 GC heap before
{Heap before GC invocations=34 (full 4):
 PSYoungGen      total 560640K, used 514174K [0x00000000d5580000, 0x00000000fc800000, 0x0000000100000000)
  eden space 488448K, 100% used [0x00000000d5580000,0x00000000f3280000,0x00000000f3280000)
  from space 72192K, 35% used [0x00000000f3280000,0x00000000f4b9fbe8,0x00000000f7900000)
  to   space 67584K, 0% used [0x00000000f8600000,0x00000000f8600000,0x00000000fc800000)
 ParOldGen       total 385536K, used 117840K [0x0000000080000000, 0x0000000097880000, 0x00000000d5580000)
  object space 385536K, 30% used [0x0000000080000000,0x0000000087314048,0x0000000097880000)
 Metaspace       used 143859K, capacity 153464K, committed 153728K, reserved 1181696K
  class space    used 18724K, capacity 20597K, committed 20608K, reserved 1048576K
Event: 1083.629 GC heap after
Heap after GC invocations=34 (full 4):
 PSYoungGen      total 562688K, used 67553K [0x00000000d5580000, 0x00000000fe100000, 0x0000000100000000)
  eden space 495104K, 0% used [0x00000000d5580000,0x00000000d5580000,0x00000000f3900000)
  from space 67584K, 99% used [0x00000000f8600000,0x00000000fc7f8698,0x00000000fc800000)
  to   space 78848K, 0% used [0x00000000f3900000,0x00000000f3900000,0x00000000f8600000)
 ParOldGen       total 385536K, used 118609K [0x0000000080000000, 0x0000000097880000, 0x00000000d5580000)
  object space 385536K, 30% used [0x0000000080000000,0x00000000873d47b0,0x0000000097880000)
 Metaspace       used 143859K, capacity 153464K, committed 153728K, reserved 1181696K
  class space    used 18724K, capacity 20597K, committed 20608K, reserved 1048576K
}
Event: 1085.620 GC heap before
{Heap before GC invocations=35 (full 4):
 PSYoungGen      total 562688K, used 359956K [0x00000000d5580000, 0x00000000fe100000, 0x0000000100000000)
  eden space 495104K, 59% used [0x00000000d5580000,0x00000000e730c9d8,0x00000000f3900000)
  from space 67584K, 99% used [0x00000000f8600000,0x00000000fc7f8698,0x00000000fc800000)
  to   space 78848K, 0% used [0x00000000f3900000,0x00000000f3900000,0x00000000f8600000)
 ParOldGen       total 385536K, used 118609K [0x0000000080000000, 0x0000000097880000, 0x00000000d5580000)
  object space 385536K, 30% used [0x0000000080000000,0x00000000873d47b0,0x0000000097880000)
 Metaspace       used 152994K, capacity 164066K, committed 164160K, reserved 1191936K
  class space    used 20156K, capacity 22364K, committed 22400K, reserved 1048576K
Event: 1085.690 GC heap after
Heap after GC invocations=35 (full 4):
 PSYoungGen      total 573952K, used 78843K [0x00000000d5580000, 0x0000000100000000, 0x0000000100000000)
  eden space 495104K, 0% used [0x00000000d5580000,0x00000000d5580000,0x00000000f3900000)
  from space 78848K, 99% used [0x00000000f3900000,0x00000000f85fed70,0x00000000f8600000)
  to   space 96768K, 0% used [0x00000000fa180000,0x00000000fa180000,0x0000000100000000)
 ParOldGen       total 385536K, used 131578K [0x0000000080000000, 0x0000000097880000, 0x00000000d5580000)
  object space 385536K, 34% used [0x0000000080000000,0x000000008807e8e8,0x0000000097880000)
 Metaspace       used 152994K, capacity 164066K, committed 164160K, reserved 1191936K
  class space    used 20156K, capacity 22364K, committed 22400K, reserved 1048576K
}
Event: 1085.690 GC heap before
{Heap before GC invocations=36 (full 5):
 PSYoungGen      total 573952K, used 78843K [0x00000000d5580000, 0x0000000100000000, 0x0000000100000000)
  eden space 495104K, 0% used [0x00000000d5580000,0x00000000d5580000,0x00000000f3900000)
  from space 78848K, 99% used [0x00000000f3900000,0x00000000f85fed70,0x00000000f8600000)
  to   space 96768K, 0% used [0x00000000fa180000,0x00000000fa180000,0x0000000100000000)
 ParOldGen       total 385536K, used 131578K [0x0000000080000000, 0x0000000097880000, 0x00000000d5580000)
  object space 385536K, 34% used [0x0000000080000000,0x000000008807e8e8,0x0000000097880000)
 Metaspace       used 152994K, capacity 164066K, committed 164160K, reserved 1191936K
  class space    used 20156K, capacity 22364K, committed 22400K, reserved 1048576K
Event: 1086.232 GC heap after
Heap after GC invocations=36 (full 5):
 PSYoungGen      total 573952K, used 0K [0x00000000d5580000, 0x0000000100000000, 0x0000000100000000)
  eden space 495104K, 0% used [0x00000000d5580000,0x00000000d5580000,0x00000000f3900000)
  from space 78848K, 0% used [0x00000000f3900000,0x00000000f3900000,0x00000000f8600000)
  to   space 96768K, 0% used [0x00000000fa180000,0x00000000fa180000,0x0000000100000000)
 ParOldGen       total 510976K, used 148414K [0x0000000080000000, 0x000000009f300000, 0x00000000d5580000)
  object space 510976K, 29% used [0x0000000080000000,0x00000000890efbd0,0x000000009f300000)
 Metaspace       used 152222K, capacity 162304K, committed 164160K, reserved 1191936K
  class space    used 19879K, capacity 21845K, committed 22400K, reserved 1048576K
}
Event: 1567.608 GC heap before
{Heap before GC invocations=37 (full 5):
 PSYoungGen      total 573952K, used 495104K [0x00000000d5580000, 0x0000000100000000, 0x0000000100000000)
  eden space 495104K, 100% used [0x00000000d5580000,0x00000000f3900000,0x00000000f3900000)
  from space 78848K, 0% used [0x00000000f3900000,0x00000000f3900000,0x00000000f8600000)
  to   space 96768K, 0% used [0x00000000fa180000,0x00000000fa180000,0x0000000100000000)
 ParOldGen       total 510976K, used 148414K [0x0000000080000000, 0x000000009f300000, 0x00000000d5580000)
  object space 510976K, 29% used [0x0000000080000000,0x00000000890efbd0,0x000000009f300000)
 Metaspace       used 169590K, capacity 181280K, committed 181632K, reserved 1206272K
  class space    used 22114K, capacity 24343K, committed 24448K, reserved 1048576K
Event: 1567.636 GC heap after
Heap after GC invocations=37 (full 5):
 PSYoungGen      total 607744K, used 34041K [0x00000000d5580000, 0x0000000100000000, 0x0000000100000000)
  eden space 510976K, 0% used [0x00000000d5580000,0x00000000d5580000,0x00000000f4880000)
  from space 96768K, 35% used [0x00000000fa180000,0x00000000fc2be7a0,0x0000000100000000)
  to   space 91136K, 0% used [0x00000000f4880000,0x00000000f4880000,0x00000000fa180000)
 ParOldGen       total 510976K, used 148430K [0x0000000080000000, 0x000000009f300000, 0x00000000d5580000)
  object space 510976K, 29% used [0x0000000080000000,0x00000000890f3bd0,0x000000009f300000)
 Metaspace       used 169590K, capacity 181280K, committed 181632K, reserved 1206272K
  class space    used 22114K, capacity 24343K, committed 24448K, reserved 1048576K
}

Deoptimization events (10 events):
Event: 1580.761 Thread 0x00000000218e8000 Uncommon trap: reason=class_check action=maybe_recompile pc=0x0000000004cee19c method=java.io.PrintWriter.write(Ljava/lang/String;II)V @ 19
Event: 1580.772 Thread 0x00000000218e8000 Uncommon trap: reason=unstable_if action=reinterpret pc=0x0000000005f2a2c4 method=org.gradle.internal.operations.DefaultBuildOperationExecutor$3.stop()V @ 61
Event: 1580.772 Thread 0x00000000218e8000 Uncommon trap: reason=unstable_if action=reinterpret pc=0x0000000003237030 method=org.gradle.internal.operations.DefaultBuildOperationExecutor$1.execute(Lorg/gradle/internal/operations/BuildOperationDescriptor;Lorg/gradle/internal/operations/DefaultBuildO
Event: 1580.773 Thread 0x00000000218e8000 Uncommon trap: reason=unstable_if action=reinterpret pc=0x0000000003237030 method=org.gradle.internal.operations.DefaultBuildOperationExecutor$1.execute(Lorg/gradle/internal/operations/BuildOperationDescriptor;Lorg/gradle/internal/operations/DefaultBuildO
Event: 1580.782 Thread 0x00000000218e8000 Uncommon trap: reason=unstable_if action=reinterpret pc=0x0000000005c42c88 method=org.gradle.execution.plan.Node.isFailed()Z @ 4
Event: 1580.783 Thread 0x00000000218e8000 Uncommon trap: reason=unstable_if action=reinterpret pc=0x00000000035be224 method=org.gradle.execution.plan.Node.isComplete()Z @ 17
Event: 1580.783 Thread 0x00000000218e8000 Uncommon trap: reason=unstable_if action=reinterpret pc=0x00000000067cd888 method=org.gradle.execution.plan.Node.isComplete()Z @ 17
Event: 1580.786 Thread 0x00000000218e8000 Uncommon trap: reason=unstable_if action=reinterpret pc=0x0000000006d673a0 method=org.gradle.execution.plan.DefaultExecutionPlan.updateAllDependenciesCompleteForPredecessors(Lorg/gradle/execution/plan/Node;)V @ 45
Event: 1580.847 Thread 0x000000002682b000 Uncommon trap: reason=bimorphic action=maybe_recompile pc=0x00000000051d8b1c method=org.gradle.internal.logging.text.AbstractStyledTextOutput.text(Ljava/lang/Object;)Lorg/gradle/internal/logging/text/StyledTextOutput; @ 11
Event: 1580.856 Thread 0x000000002682b000 Uncommon trap: reason=unstable_if action=reinterpret pc=0x000000000792becc method=org.gradle.internal.serialize.ExceptionReplacingObjectOutputStream.doReplaceObject(Ljava/lang/Object;)Ljava/lang/Object; @ 4

Classes redefined (0 events):
No events

Internal exceptions (10 events):
Event: 1580.254 Thread 0x00000000218e8000 Exception <a 'sun/nio/fs/WindowsException'> (0x00000000f10659d0) thrown at [C:\src\AOSP-openjdk-git\hotspot\src\share\vm\prims\jni.cpp, line 710]
Event: 1580.255 Thread 0x00000000218e8000 Exception <a 'sun/nio/fs/WindowsException'> (0x00000000f1066698) thrown at [C:\src\AOSP-openjdk-git\hotspot\src\share\vm\prims\jni.cpp, line 710]
Event: 1580.263 Thread 0x00000000218e8000 Exception <a 'sun/nio/fs/WindowsException'> (0x00000000f10b2d38) thrown at [C:\src\AOSP-openjdk-git\hotspot\src\share\vm\prims\jni.cpp, line 710]
Event: 1580.263 Thread 0x00000000218e8000 Exception <a 'sun/nio/fs/WindowsException'> (0x00000000f10b3a00) thrown at [C:\src\AOSP-openjdk-git\hotspot\src\share\vm\prims\jni.cpp, line 710]
Event: 1580.749 Thread 0x00000000218e8000 Exception <a 'java/lang/OutOfMemoryError'> (0x00000000f2f94d20) thrown at [C:\src\AOSP-openjdk-git\hotspot\src\share\vm\prims\jni.cpp, line 737]
Event: 1580.773 Thread 0x00000000218e8000 Exception <a 'java/lang/reflect/InvocationTargetException'> (0x00000000f3264bc8) thrown at [C:\src\AOSP-openjdk-git\hotspot\src\share\vm\runtime\reflection.cpp, line 1092]
Event: 1580.784 Thread 0x0000000026831000 Exception <a 'java/lang/NoSuchMethodError': <clinit>> (0x00000000f327dc08) thrown at [C:\src\AOSP-openjdk-git\hotspot\src\share\vm\prims\jni.cpp, line 1615]
Event: 1580.785 Thread 0x0000000026831000 Exception <a 'java/lang/NoSuchMethodError': <clinit>> (0x00000000f343f980) thrown at [C:\src\AOSP-openjdk-git\hotspot\src\share\vm\prims\jni.cpp, line 1615]
Event: 1580.819 Thread 0x000000002682b000 Exception <a 'sun/nio/fs/WindowsException'> (0x00000000f082a838) thrown at [C:\src\AOSP-openjdk-git\hotspot\src\share\vm\prims\jni.cpp, line 710]
Event: 1580.844 Thread 0x000000002682b000 Exception <a 'sun/nio/fs/WindowsException'> (0x00000000f351a338) thrown at [C:\src\AOSP-openjdk-git\hotspot\src\share\vm\prims\jni.cpp, line 710]

Events (10 events):
Event: 1580.850 Executing VM operation: Deoptimize done
Event: 1580.852 loading class org/gradle/internal/buildevents/BuildExceptionReporter$1
Event: 1580.852 loading class org/gradle/internal/buildevents/BuildExceptionReporter$1 done
Event: 1580.856 Thread 0x000000002682b000 Uncommon trap: trap_request=0xffffff65 fr.pc=0x000000000792becc
Event: 1580.856 Thread 0x000000002682b000 DEOPT PACKING pc=0x000000000792becc sp=0x000000003713ddb0
Event: 1580.856 Thread 0x000000002682b000 DEOPT UNPACKING pc=0x0000000002ec557b sp=0x000000003713dc70 mode 2
Event: 1580.856 loading class org/gradle/internal/serialize/ContextualPlaceholderException
Event: 1580.856 loading class org/gradle/internal/serialize/ContextualPlaceholderException done
Event: 1580.856 loading class org/gradle/internal/serialize/PlaceholderException
Event: 1580.856 loading class org/gradle/internal/serialize/PlaceholderException done


Dynamic libraries:
0x00007ff61cc00000 - 0x00007ff61cc31000 	C:\Program Files\Android\Android Studio\jre\bin\java.exe
0x00007ff84f450000 - 0x00007ff84f63d000 	C:\WINDOWS\SYSTEM32\ntdll.dll
0x00007ff84e930000 - 0x00007ff84e9e3000 	C:\WINDOWS\System32\KERNEL32.DLL
0x00007ff84b980000 - 0x00007ff84bc15000 	C:\WINDOWS\System32\KERNELBASE.dll
0x00007ff84e4f0000 - 0x00007ff84e593000 	C:\WINDOWS\System32\ADVAPI32.dll
0x00007ff84c9e0000 - 0x00007ff84ca7e000 	C:\WINDOWS\System32\msvcrt.dll
0x00007ff84ebc0000 - 0x00007ff84ec5e000 	C:\WINDOWS\System32\sechost.dll
0x00007ff84c8b0000 - 0x00007ff84c9d2000 	C:\WINDOWS\System32\RPCRT4.dll
0x00007ff84ea20000 - 0x00007ff84ebb7000 	C:\WINDOWS\System32\USER32.dll
0x00007ff84c650000 - 0x00007ff84c670000 	C:\WINDOWS\System32\win32u.dll
0x00007ff84f0e0000 - 0x00007ff84f109000 	C:\WINDOWS\System32\GDI32.dll
0x00007ff84c4b0000 - 0x00007ff84c64c000 	C:\WINDOWS\System32\gdi32full.dll
0x00007ff84b7e0000 - 0x00007ff84b880000 	C:\WINDOWS\System32\msvcp_win.dll
0x00007ff84bc20000 - 0x00007ff84bd1a000 	C:\WINDOWS\System32\ucrtbase.dll
0x00007ff83ae70000 - 0x00007ff83b0e9000 	C:\WINDOWS\WinSxS\amd64_microsoft.windows.common-controls_6595b64144ccf1df_6.0.17763.1577_none_de7444545348a3d0\COMCTL32.dll
0x00007ff84e600000 - 0x00007ff84e92d000 	C:\WINDOWS\System32\combase.dll
0x00007ff84b8e0000 - 0x00007ff84b95e000 	C:\WINDOWS\System32\bcryptPrimitives.dll
0x00007ff84f1f0000 - 0x00007ff84f21e000 	C:\WINDOWS\System32\IMM32.DLL
0x0000000058d00000 - 0x0000000058dd2000 	C:\Program Files\Android\Android Studio\jre\jre\bin\msvcr100.dll
0x0000000058de0000 - 0x000000005962b000 	C:\Program Files\Android\Android Studio\jre\jre\bin\server\jvm.dll
0x00007ff84e9f0000 - 0x00007ff84e9f8000 	C:\WINDOWS\System32\PSAPI.DLL
0x00007ff8475e0000 - 0x00007ff8475ea000 	C:\WINDOWS\SYSTEM32\VERSION.dll
0x00007ff847fd0000 - 0x00007ff847ff4000 	C:\WINDOWS\SYSTEM32\WINMM.dll
0x00007ff8478c0000 - 0x00007ff8478c9000 	C:\WINDOWS\SYSTEM32\WSOCK32.dll
0x00007ff847fa0000 - 0x00007ff847fcd000 	C:\WINDOWS\SYSTEM32\winmmbase.dll
0x00007ff84b5b0000 - 0x00007ff84b5fa000 	C:\WINDOWS\System32\cfgmgr32.dll
0x00007ff84f3b0000 - 0x00007ff84f41d000 	C:\WINDOWS\System32\ws2_32.DLL
0x00007ff847860000 - 0x00007ff84786f000 	C:\Program Files\Android\Android Studio\jre\jre\bin\verify.dll
0x00007ff83f0d0000 - 0x00007ff83f0f9000 	C:\Program Files\Android\Android Studio\jre\jre\bin\java.dll
0x00007ff83f0b0000 - 0x00007ff83f0c6000 	C:\Program Files\Android\Android Studio\jre\jre\bin\zip.dll
0x00007ff84cb30000 - 0x00007ff84e029000 	C:\WINDOWS\System32\SHELL32.dll
0x00007ff84c7f0000 - 0x00007ff84c898000 	C:\WINDOWS\System32\shcore.dll
0x00007ff84bd50000 - 0x00007ff84c4a3000 	C:\WINDOWS\System32\windows.storage.dll
0x00007ff84b490000 - 0x00007ff84b4b4000 	C:\WINDOWS\System32\profapi.dll
0x00007ff84b430000 - 0x00007ff84b48d000 	C:\WINDOWS\System32\powrprof.dll
0x00007ff84f2f0000 - 0x00007ff84f342000 	C:\WINDOWS\System32\shlwapi.dll
0x00007ff84b4e0000 - 0x00007ff84b4f1000 	C:\WINDOWS\System32\kernel.appcore.dll
0x00007ff84b960000 - 0x00007ff84b977000 	C:\WINDOWS\System32\cryptsp.dll
0x00007ff83edb0000 - 0x00007ff83edca000 	C:\Program Files\Android\Android Studio\jre\jre\bin\net.dll
0x00007ff84aca0000 - 0x00007ff84ad07000 	C:\WINDOWS\system32\mswsock.dll
0x00007ff83b160000 - 0x00007ff83b173000 	C:\Program Files\Android\Android Studio\jre\jre\bin\nio.dll
0x00007ff826500000 - 0x00007ff826527000 	D:\gradle\native\f6784746aeab05261644944871eae4fe03e0ef1612fff0a4a95f87b438bc6780\windows-amd64\native-platform.dll
0x00007ff845100000 - 0x00007ff84510d000 	C:\Program Files\Android\Android Studio\jre\jre\bin\management.dll
0x00007ff84a820000 - 0x00007ff84a853000 	C:\WINDOWS\system32\rsaenh.dll
0x00007ff84bd20000 - 0x00007ff84bd46000 	C:\WINDOWS\System32\bcrypt.dll
0x00007ff84b330000 - 0x00007ff84b359000 	C:\WINDOWS\SYSTEM32\USERENV.dll
0x00007ff84ae70000 - 0x00007ff84ae7c000 	C:\WINDOWS\SYSTEM32\CRYPTBASE.dll
0x00007ff84a9c0000 - 0x00007ff84a9fd000 	C:\WINDOWS\SYSTEM32\IPHLPAPI.DLL
0x00007ff84c7e0000 - 0x00007ff84c7e8000 	C:\WINDOWS\System32\NSI.dll
0x00007ff844ac0000 - 0x00007ff844ad6000 	C:\WINDOWS\SYSTEM32\dhcpcsvc6.DLL
0x00007ff844aa0000 - 0x00007ff844abc000 	C:\WINDOWS\SYSTEM32\dhcpcsvc.DLL
0x00007ff84aa10000 - 0x00007ff84aad6000 	C:\WINDOWS\SYSTEM32\DNSAPI.dll
0x00007ff844ae0000 - 0x00007ff844aeb000 	C:\WINDOWS\SYSTEM32\WINNSI.DLL
0x00007ff84a4a0000 - 0x00007ff84a4d1000 	C:\WINDOWS\SYSTEM32\ntmarta.dll
0x00007ff825f60000 - 0x00007ff8260fc000 	C:\Program Files\Android\Android Studio\jre\jre\bin\awt.dll
0x00007ff84f220000 - 0x00007ff84f2e4000 	C:\WINDOWS\System32\OLEAUT32.dll
0x00007ff849d20000 - 0x00007ff849d4e000 	C:\WINDOWS\SYSTEM32\dwmapi.dll
0x00007ff8489a0000 - 0x00007ff848f5e000 	C:\WINDOWS\SYSTEM32\d2d1.dll
0x00007ff84b600000 - 0x00007ff84b7dc000 	C:\WINDOWS\System32\CRYPT32.dll
0x00007ff84b4c0000 - 0x00007ff84b4d2000 	C:\WINDOWS\System32\MSASN1.dll
0x00007ff8496a0000 - 0x00007ff84972c000 	C:\WINDOWS\SYSTEM32\apphelp.dll
0x00007ff8497d0000 - 0x00007ff84986c000 	C:\WINDOWS\system32\uxtheme.dll
0x00007ff837770000 - 0x00007ff83778e000 	C:\Users\Administrator\AppData\Local\Temp\native-platform3596574689888503926dir\native-platform.dll
0x00007ff83a400000 - 0x00007ff83a424000 	C:\Program Files\Android\Android Studio\jre\jre\bin\sunec.dll
0x00007ff83fa60000 - 0x00007ff83fa6a000 	C:\Windows\System32\rasadhlp.dll
0x00007ff83fb90000 - 0x00007ff83fc09000 	C:\WINDOWS\System32\fwpuclnt.dll
0x00007ff83fa50000 - 0x00007ff83fa5b000 	C:\Program Files\Android\Android Studio\jre\jre\bin\sunmscapi.dll

VM Arguments:
jvm_args: -Xmx2048m -Dfile.encoding=UTF-8 -Duser.country=CN -Duser.language=zh -Duser.variant 
java_command: org.gradle.launcher.daemon.bootstrap.GradleDaemon 6.5
java_class_path (initial): D:\gradle\wrapper\dists\gradle-6.5-bin\6nifqtx7604sqp1q6g8wikw7p\gradle-6.5\lib\gradle-launcher-6.5.jar
Launcher Type: SUN_STANDARD

Environment Variables:
JAVA_HOME=C:\Program Files\Java\jdk1.8.0_202
CLASSPATH=.;C:\Program Files\Java\jdk1.8.0_202\lib\dt.jar;C:\Program Files\Java\jdk1.8.0_202\lib\tools.jar;
PATH=C:\Program Files (x86)\Common Files\Oracle\Java\javapath;C:\WINDOWS\system32;C:\WINDOWS;C:\WINDOWS\System32\Wbem;C:\WINDOWS\System32\WindowsPowerShell\v1.0\;C:\WINDOWS\System32\OpenSSH\;C:\Program Files\Java\jdk1.8.0_202\bin;C:\Program Files\Java\jdk1.8.0_202\jre\bin;D:\1Axiewei\adb\platform-tools\platform-tools;D:\1Axiewei\adb\tools\tools;C:\Program Files\TortoiseSVN\bin;C:\Program Files\Microsoft SQL Server\130\Tools\Binn\;E:\Program Files\Git\cmd;C:\Users\Administrator\AppData\Local\Programs\Python\Python38\Scripts\;C:\Users\Administrator\AppData\Local\Programs\Python\Python38\;C:\Users\Administrator\AppData\Local\Microsoft\WindowsApps;E:\Program Files\Microsoft VS Code\bin
USERNAME=Administrator
OS=Windows_NT
PROCESSOR_IDENTIFIER=Intel64 Family 6 Model 158 Stepping 10, GenuineIntel



---------------  S Y S T E M  ---------------

OS: Windows 10.0 , 64 bit Build 17763 (10.0.17763.475)

CPU:total 6 (initial active 6) (6 cores per cpu, 1 threads per core) family 6 model 158 stepping 10, cmov, cx8, fxsr, mmx, sse, sse2, sse3, ssse3, sse4.1, sse4.2, popcnt, avx, avx2, aes, clmul, erms, 3dnowpref, lzcnt, tsc, tscinvbit, bmi1, bmi2, adx

Memory: 4k page, physical 16688364k(543900k free), swap 45991912k(2120k free)

vm_info: OpenJDK 64-Bit Server VM (25.242-b01) for windows-amd64 JRE (1.8.0_242-release-1644-b01), built by "builder" with MS VC++ 10.0 (VS2010)

time: Wed Feb 24 08:25:47 2021
timezone: 
elapsed time: 1580 seconds (0d 0h 26m 20s)

